#
# A fatal error has been detected by the Java Runtime Environment:
#
#  Internal Error (jvmciRuntime.cpp:1609), pid=24, tid=39
#  fatal error: Fatal exception in JVMCI: Error calling jdk.vm.ci.services.Services.serializeSavedProperties
#
# JRE version: OpenJDK Runtime Environment GraalVM CE 22.3.0 (17.0.5+8) (build 17.0.5+8-jvmci-22.3-b08)
# Java VM: OpenJDK 64-Bit Server VM GraalVM CE 22.3.0 (17.0.5+8-jvmci-22.3-b08, mixed mode, sharing, tiered, jvmci, jvmci compiler, compressed oops, compressed class ptrs, parallel gc, linux-amd64)
# Problematic frame:
# V  [libjvm.so+0x972714]  JVMCIRuntime::fatal_exception(JVMCIEnv*, char const*)+0x74
#
# Core dump will be written. Default location: Core dumps may be processed with "/usr/share/apport/apport -p%p -s%s -c%c -d%d -P%P -u%u -g%g -- %E" (or dumping to /home/runner/Hospital/core.24)
#
# If you would like to submit a bug report, please visit:
#   https://github.com/oracle/graal/issues
#

---------------  S U M M A R Y ------------

Command Line: -XX:ThreadPriorityPolicy=1 -XX:+UnlockExperimentalVMOptions -XX:+EnableJVMCIProduct -XX:JVMCIThreadsPerNativeLibraryRuntime=1 -XX:-UnlockExperimentalVMOptions -Declipse.application=org.eclipse.jdt.ls.core.id1 -Dosgi.bundles.defaultStartLevel=4 -Declipse.product=org.eclipse.jdt.ls.core.product -Dlog.level=ALL -Xverify:none -XX:+UseParallelGC -XX:GCTimeRatio=4 -XX:AdaptiveSizePolicyWeight=90 -Dsun.zip.disableMemoryMapping=true -Xmx512m -Xms100m /nix/store/m6gcpi1ii6rghy04cjwjddcavv7i90df-jdt-language-server-1.9.0/share/java/plugins/org.eclipse.equinox.launcher_1.6.400.v20210924-0641.jar --add-modules=ALL-SYSTEM --add-opens java.base/java.util=ALL-UNNAMED --add-opens java.base/java.lang=ALL-UNNAMED -configuration /home/runner/.cache/jdt-language-server/config -data /home/runner/.cache/jdt-language-server/data/home/runner/Hospital

Host: AMD EPYC 7B12, 8 cores, 1G, Ubuntu 20.04.2 LTS
Time: Wed Mar  1 15:12:40 2023 UTC elapsed time: 805.014838 seconds (0d 0h 13m 25s)

---------------  T H R E A D  ---------------

Current thread (0x00007f05200b21b0):  JavaThread "JVMCI-native CompilerThread0" daemon [_thread_in_vm, id=39, stack(0x00007f0504518000,0x00007f0504718000)]


Current CompileTask:
JVMCI-native: 805017 9499       4       java.util.LinkedHashMap$LinkedKeyIterator::next (8 bytes)

Stack: [0x00007f0504518000,0x00007f0504718000],  sp=0x00007f0504716380,  free space=2040k
Native frames: (J=compiled Java code, j=interpreted, Vv=VM code, C=native code)
V  [libjvm.so+0x972714]  JVMCIRuntime::fatal_exception(JVMCIEnv*, char const*)+0x74
V  [libjvm.so+0x93e2fe]  JVMCIEnv::copy_saved_properties()+0x14e
V  [libjvm.so+0x9732a9]  JVMCIRuntime::initialize(JVMCIEnv*)+0xb19
V  [libjvm.so+0x9738a2]  JVMCIRuntime::get_HotSpotJVMCIRuntime(JVMCIEnv*)+0x12
V  [libjvm.so+0x9749f2]  JVMCIRuntime::compile_method(JVMCIEnv*, JVMCICompiler*, methodHandle const&, int)+0xd2
V  [libjvm.so+0x5b0d20]  CompileBroker::invoke_compiler_on_method(CompileTask*)+0x1470
V  [libjvm.so+0x5b12e8]  CompileBroker::compiler_thread_loop()+0x528
V  [libjvm.so+0xd82460]  JavaThread::thread_main_inner()+0xd0
V  [libjvm.so+0xd85a40]  Thread::call_run()+0xc0
V  [libjvm.so+0xbdb1e1]  thread_native_entry(Thread*)+0xe1

Register to memory mapping:

RAX=0x00007f05241da000 points into unknown readable memory: 0x0000000000000058 | 58 00 00 00 00 00 00 00
RBX=0x00007f05252d5398: <offset 0x0000000000ef5398> in /nix/store/gpxl5qgg8kicmcvivwmybwjlpf7wh20l-graalvm17-ce-22.3.0/lib/server/libjvm.so at 0x00007f05243e0000
RCX=0x00007f052528d1e8: <offset 0x0000000000ead1e8> in /nix/store/gpxl5qgg8kicmcvivwmybwjlpf7wh20l-graalvm17-ce-22.3.0/lib/server/libjvm.so at 0x00007f05243e0000
RDX=0x0000000000000649 is an unknown value
RSP=0x00007f0504716380 is pointing into the stack for thread: 0x00007f05200b21b0
RBP=0x00007f05047163a0 is pointing into the stack for thread: 0x00007f05200b21b0
RSI=0x00007f05252d5c48: <offset 0x0000000000ef5c48> in /nix/store/gpxl5qgg8kicmcvivwmybwjlpf7wh20l-graalvm17-ce-22.3.0/lib/server/libjvm.so at 0x00007f05243e0000
RDI=0x00000000e0000000 is an oop: java.lang.String 
{0x00000000e0000000} - klass: 'java/lang/String'
 - string: "resolution"
R8 =0x00007f05252d5398: <offset 0x0000000000ef5398> in /nix/store/gpxl5qgg8kicmcvivwmybwjlpf7wh20l-graalvm17-ce-22.3.0/lib/server/libjvm.so at 0x00007f05243e0000
R9 =0x0000000000000003 is an unknown value
R10=0x00007f0525626da0: <offset 0x0000000001246da0> in /nix/store/gpxl5qgg8kicmcvivwmybwjlpf7wh20l-graalvm17-ce-22.3.0/lib/server/libjvm.so at 0x00007f05243e0000
R11=0x000000080044f048 is pointing into metadata
R12=0x0 is NULL
R13=0x00007f05200b21b0 is a thread
R14=0x00007f0520000b80 points into unknown readable memory: 0x00007f0525506a38 | 38 6a 50 25 05 7f 00 00
R15=0x00007f0525614e40: <offset 0x0000000001234e40> in /nix/store/gpxl5qgg8kicmcvivwmybwjlpf7wh20l-graalvm17-ce-22.3.0/lib/server/libjvm.so at 0x00007f05243e0000


Registers:
RAX=0x00007f05241da000, RBX=0x00007f05252d5398, RCX=0x00007f052528d1e8, RDX=0x0000000000000649
RSP=0x00007f0504716380, RBP=0x00007f05047163a0, RSI=0x00007f05252d5c48, RDI=0x00000000e0000000
R8 =0x00007f05252d5398, R9 =0x0000000000000003, R10=0x00007f0525626da0, R11=0x000000080044f048
R12=0x0000000000000000, R13=0x00007f05200b21b0, R14=0x00007f0520000b80, R15=0x00007f0525614e40
RIP=0x00007f0524d52714, EFLAGS=0x0000000000010206, CSGSFS=0x002b000000000033, ERR=0x0000000000000006
  TRAPNO=0x000000000000000e

Top of Stack: (sp=0x00007f0504716380)
0x00007f0504716380:   00007f0504716940 00007f05200b21b0
0x00007f0504716390:   00007f05240048c8 0000000800c417a0
0x00007f05047163a0:   00007f0504716500 00007f0524d1e2fe
0x00007f05047163b0:   00007f05047163e0 00007f0504716440 

Instructions: (pc=0x00007f0524d52714)
0x00007f0524d52614:   30 e8 f6 cf e8 ff 4c 89 e7 e8 2e 48 d1 ff 84 db
0x00007f0524d52624:   75 2a 4d 85 ed 74 04 4d 8b 6d 00 48 83 c4 08 44
0x00007f0524d52634:   89 f9 4c 89 f2 4c 89 ee 5b 4c 89 e7 41 5c 41 5d
0x00007f0524d52644:   41 5e 41 5f 5d e9 e2 47 d1 ff 66 90 48 83 c4 08
0x00007f0524d52654:   5b 41 5c 41 5d 41 5e 41 5f 5d c3 90 31 d2 be 08
0x00007f0524d52664:   00 00 00 4c 89 ff e8 b1 78 a3 ff 49 89 c5 e9 37
0x00007f0524d52674:   ff ff ff 66 0f 1f 84 00 00 00 00 00 48 8b 7a 08
0x00007f0524d52684:   e9 6d ff ff ff 0f 1f 80 00 00 00 00 e8 5b 48 0a
0x00007f0524d52694:   00 84 c0 75 89 e9 6a ff ff ff 66 90 55 48 89 e5
0x00007f0524d526a4:   41 56 41 55 41 54 49 89 fc 53 48 89 f3 66 48 8d
0x00007f0524d526b4:   3d 27 5e 85 00 66 66 48 e8 df 43 8d ff 4c 8b 28
0x00007f0524d526c4:   8b 05 be 72 8a 00 85 c0 75 14 ba 01 00 00 00 48
0x00007f0524d526d4:   8d 0d ae 72 8a 00 f0 0f b1 11 85 c0 74 4e be c8
0x00007f0524d526e4:   00 00 00 4c 89 ef e8 01 0b 41 00 48 8d 05 12 ac
0x00007f0524d526f4:   85 00 49 89 d8 48 8d 0d e8 aa 53 00 ba 49 06 00
0x00007f0524d52704:   00 48 8d 35 3c 35 58 00 bf 00 00 00 e0 48 8b 00
0x00007f0524d52714:   c6 00 58 31 c0 e8 e2 91 c6 ff 5b 41 5c 41 5d 41
0x00007f0524d52724:   5e 5d e9 55 34 26 00 0f 1f 44 00 00 48 8d 05 81
0x00007f0524d52734:   a3 8b 00 48 89 df 4c 8b 30 e8 9e 43 8d ff 48 89
0x00007f0524d52744:   de 48 89 c2 49 8b 06 4c 89 f7 ff 50 08 4c 89 f7
0x00007f0524d52754:   e8 a7 5c 27 00 4d 85 e4 74 12 be 01 00 00 00 4c
0x00007f0524d52764:   89 e7 e8 35 43 fc ff eb 82 0f 1f 00 be 01 00 00
0x00007f0524d52774:   00 4c 89 ef e8 d3 fd ff ff e9 6d ff ff ff 66 66
0x00007f0524d52784:   2e 0f 1f 84 00 00 00 00 00 0f 1f 00 55 48 89 e5
0x00007f0524d52794:   41 57 41 56 41 55 41 54 53 48 81 ec 08 02 00 00
0x00007f0524d527a4:   64 48 8b 04 25 28 00 00 00 48 89 45 c8 8b 07 83
0x00007f0524d527b4:   f8 02 0f 84 11 04 00 00 4c 8b 6f 18 49 89 ff 49
0x00007f0524d527c4:   89 f4 4d 85 ed 74 14 4c 89 ef e8 5d 57 22 00 41
0x00007f0524d527d4:   8b 07 83 f8 02 0f 84 19 04 00 00 48 8d 1d 9a 06
0x00007f0524d527e4:   8a 00 4c 8d 35 0b 3c 58 00 eb 38 90 48 85 d2 7f
0x00007f0524d527f4:   0d 48 8d 05 b4 c0 85 00 48 83 38 00 7e 0e 41 8b
0x00007f0524d52804:   77 2c 4c 89 f7 31 c0 e8 a0 b2 f7 ff 49 8b 7f 18 


Stack slot to memory mapping:
stack at sp + 0 slots: 0x00007f0504716940 is pointing into the stack for thread: 0x00007f05200b21b0
stack at sp + 1 slots: 0x00007f05200b21b0 is a thread
stack at sp + 2 slots: 0x00007f05240048c8 points into unknown readable memory: 0x6573001880c9ffff | ff ff c9 80 18 00 73 65
stack at sp + 3 slots: 0x0000000800c417a0 is a pointer to class: 
jdk.vm.ci.services.Services {0x0000000800c417a0}
 - instance size:     2
 - klass size:        65
 - access:            public final synchronized 
 - state:             fully_initialized
 - name:              'jdk/vm/ci/services/Services'
 - super:             'java/lang/Object'
 - sub:               
 - arrays:            NULL
 - methods:           Array<T>(0x00007f05050419b8)
 - method ordering:   Array<T>(0x0000000800928960)
 - default_methods:   Array<T>(0x0000000000000000)
 - local interfaces:  Array<T>(0x00000008005ce810)
 - trans. interfaces: Array<T>(0x00000008005ce810)
 - constants:         constant pool [427] {0x00007f0505040a98} for 'jdk/vm/ci/services/Services' cache=0x00007f0505042c88
 - class loader data:  loader data: 0x00007f05200283d0 of 'bootstrap'
 - source file:       'Services.java'
 - class annotations:       Array<T>(0x0000000000000000)
 - class type annotations:  Array<T>(0x0000000000000000)
 - field annotations:       Array<T>(0x0000000000000000)
 - field type annotations:  Array<T>(0x0000000000000000)
 - inner classes:     Array<T>(0x00007f0505042c58)
 - nest members:     Array<T>(0x00007f0505042c78)
 - permitted subclasses:     Array<T>(0x00000008005ce7a0)
 - java mirror:       a 'java/lang/Class'{0x00000000e0141838} = 'jdk/vm/ci/services/Services'
 - vtable length      5  (start addr: 0x0000000800c41970)
 - itable length      2 (start addr: 0x0000000800c41998)
 - ---- static fields (3 words):
 - public static final 'IS_BUILDING_NATIVE_IMAGE' 'Z' @128 
 - public static final 'IS_IN_NATIVE_IMAGE' 'Z' @129 
 - private static volatile 'savedProperties' 'Ljava/util/Map;' @112 
 - static final 'JVMCI_ENABLED' 'Z' @130 
 - private static final 'servicesCache' 'Ljava/util/Map;' @116 
 - private static final 'MAX_UNICODE_IN_UTF8_LENGTH' 'I' @120 
 - private static final 'MAX_UTF8_PROPERTY_STRING_LENGTH' 'I' @124 
 - ---- non-static fields (0 words):
 - non-static oop maps: 
stack at sp + 4 slots: 0x00007f0504716500 is pointing into the stack for thread: 0x00007f05200b21b0
stack at sp + 5 slots: 0x00007f0524d1e2fe: <offset 0x000000000093e2fe> in /nix/store/gpxl5qgg8kicmcvivwmybwjlpf7wh20l-graalvm17-ce-22.3.0/lib/server/libjvm.so at 0x00007f05243e0000
stack at sp + 6 slots: 0x00007f05047163e0 is pointing into the stack for thread: 0x00007f05200b21b0
stack at sp + 7 slots: 0x00007f0504716440 is pointing into the stack for thread: 0x00007f05200b21b0


---------------  P R O C E S S  ---------------

Threads class SMR info:
_java_thread_list=0x00007f04801d4540, length=25, elements={
0x00007f0520026670, 0x00007f05200a64b0, 0x00007f05200a78f0, 0x00007f05200ae020,
0x00007f05200af3d0, 0x00007f05200b07c0, 0x00007f05200b21b0, 0x00007f05200b36c0,
0x00007f05200b4b10, 0x00007f05200e0150, 0x00007f0520127f50, 0x00007f05203348d0,
0x00007f05203673f0, 0x00007f052036a050, 0x00007f05201e76f0, 0x00007f04b8017170,
0x00007f04b82a0b20, 0x00007f04b84a0920, 0x00007f04b86a98f0, 0x00007f0520442b70,
0x00007f049c007510, 0x00007f05203d3e50, 0x00007f0490001130, 0x00007f0484000ff0,
0x00007f048418b450
}
_to_delete_list=0x00007f04a405fd50
Skipping _to_delete_list fields and contents for safety.

Java Threads: ( => current thread )
  0x00007f0520026670 JavaThread "main" [_thread_blocked, id=31, stack(0x00007f05241fb000,0x00007f05242fb000)]
  0x00007f05200a64b0 JavaThread "Reference Handler" daemon [_thread_blocked, id=34, stack(0x00007f0504dfe000,0x00007f0504efe000)]
  0x00007f05200a78f0 JavaThread "Finalizer" daemon [_thread_blocked, id=35, stack(0x00007f0504cfe000,0x00007f0504dfe000)]
  0x00007f05200ae020 JavaThread "Signal Dispatcher" daemon [_thread_blocked, id=36, stack(0x00007f0504918000,0x00007f0504a18000)]
  0x00007f05200af3d0 JavaThread "Service Thread" daemon [_thread_blocked, id=37, stack(0x00007f0504818000,0x00007f0504918000)]
  0x00007f05200b07c0 JavaThread "Monitor Deflation Thread" daemon [_thread_blocked, id=38, stack(0x00007f0504718000,0x00007f0504818000)]
=>0x00007f05200b21b0 JavaThread "JVMCI-native CompilerThread0" daemon [_thread_in_vm, id=39, stack(0x00007f0504518000,0x00007f0504718000)]
  0x00007f05200b36c0 JavaThread "C1 CompilerThread0" daemon [_thread_blocked, id=40, stack(0x00007f0504318000,0x00007f0504518000)]
  0x00007f05200b4b10 JavaThread "Sweeper thread" daemon [_thread_blocked, id=41, stack(0x00007f0504218000,0x00007f0504318000)]
  0x00007f05200e0150 JavaThread "Common-Cleaner" daemon [_thread_blocked, id=42, stack(0x00007f0504118000,0x00007f0504218000)]
  0x00007f0520127f50 JavaThread "Notification Thread" daemon [_thread_blocked, id=43, stack(0x00007f0504018000,0x00007f0504118000)]
  0x00007f05203348d0 JavaThread "Active Thread: Equinox Container: bdda35f2-766e-44f5-91d0-9ecedcafa095" [_thread_blocked, id=79, stack(0x00007f04d7dfe000,0x00007f04d7efe000)]
  0x00007f05203673f0 JavaThread "Framework Event Dispatcher: Equinox Container: bdda35f2-766e-44f5-91d0-9ecedcafa095" daemon [_thread_blocked, id=80, stack(0x00007f04d4700000,0x00007f04d4800000)]
  0x00007f052036a050 JavaThread "Start Level: Equinox Container: bdda35f2-766e-44f5-91d0-9ecedcafa095" daemon [_thread_blocked, id=81, stack(0x00007f04d4600000,0x00007f04d4700000)]
  0x00007f05201e76f0 JavaThread "Refresh Thread: Equinox Container: bdda35f2-766e-44f5-91d0-9ecedcafa095" daemon [_thread_blocked, id=82, stack(0x00007f04d4500000,0x00007f04d4600000)]
  0x00007f04b8017170 JavaThread "SCR Component Actor" daemon [_thread_blocked, id=83, stack(0x00007f04d4300000,0x00007f04d4400000)]
  0x00007f04b82a0b20 JavaThread "Worker-JM" [_thread_blocked, id=85, stack(0x00007f04d4000000,0x00007f04d4100000)]
  0x00007f04b84a0920 JavaThread "Java indexing" daemon [_thread_blocked, id=88, stack(0x00007f04cbd00000,0x00007f04cbe00000)]
  0x00007f04b86a98f0 JavaThread "Bundle File Closer" daemon [_thread_blocked, id=89, stack(0x00007f04cbb00000,0x00007f04cbc00000)]
  0x00007f0520442b70 JavaThread "pool-3-thread-1" [_thread_blocked, id=90, stack(0x00007f04cb900000,0x00007f04cba00000)]
  0x00007f049c007510 JavaThread "Worker-2: Publish Diagnostics" [_thread_blocked, id=91, stack(0x00007f04cb800000,0x00007f04cb900000)]
  0x00007f05203d3e50 JavaThread "pool-2-thread-1" [_thread_blocked, id=92, stack(0x00007f04d4100000,0x00007f04d4200000)]
  0x00007f0490001130 JavaThread "Worker-3" [_thread_blocked, id=93, stack(0x00007f04cb700000,0x00007f04cb800000)]
  0x00007f0484000ff0 JavaThread "Worker-4: Java indexing... " [_thread_blocked, id=94, stack(0x00007f04cab00000,0x00007f04cac00000)]
  0x00007f048418b450 JavaThread "Worker-7: Compacting resource model" [_thread_blocked, id=215, stack(0x00007f04cbe00000,0x00007f04cbf00000)]

Other Threads:
  0x00007f05200a1bf0 VMThread "VM Thread" [stack: 0x00007f0504f00000,0x00007f0505000000] [id=33] _threads_hazard_ptr=0x00007f04801d4540
  0x00007f05201298f0 WatcherThread [stack: 0x00007f04d7f00000,0x00007f04d8000000] [id=44]
  0x00007f052003df10 GCTaskThread "GC Thread#0" [stack: 0x00007f05071c7000,0x00007f05072c7000] [id=32]

Threads with active compile tasks:
JVMCI-native CompilerThread0   805062 9499       4       java.util.LinkedHashMap$LinkedKeyIterator::next (8 bytes)

VM state: synchronizing (normal execution)

VM Mutex/Monitor currently owned by a thread:  ([mutex/lock_event])
[0x00007f0520023820] Threads_lock - owner thread: 0x00007f05200a1bf0
[0x00007f0520023fd0] Heap_lock - owner thread: 0x00007f049c007510

OutOfMemory and StackOverflow Exception counts:
OutOfMemoryError java_heap_errors=1
LinkageErrors=53

Heap address: 0x00000000e0000000, size: 512 MB, Compressed Oops mode: 32-bit

CDS archive(s) mapped at: [0x0000000800000000-0x0000000800bc8000-0x0000000800bc8000), size 12353536, SharedBaseAddress: 0x0000000800000000, ArchiveRelocationMode: 0.
Compressed class space mapped at: 0x0000000800c00000-0x0000000840c00000, reserved size: 1073741824
Narrow klass base: 0x0000000800000000, Narrow klass shift: 0, Narrow klass range: 0x100000000

GC Precious Log:
 CPUs: 8 total, 1 available
 Memory: 1024M
 Large Page Support: Disabled
 NUMA Support: Disabled
 Compressed Oops: Enabled (32-bit)
 Alignments: Space 512K, Generation 512K, Heap 2M
 Heap Min Capacity: 100M
 Heap Initial Capacity: 100M
 Heap Max Capacity: 512M
 Pre-touch: Disabled
 Parallel Workers: 1

Heap:
 PSYoungGen      total 41984K, used 29184K [0x00000000f5580000, 0x00000000f9a80000, 0x0000000100000000)
  eden space 29184K, 100% used [0x00000000f5580000,0x00000000f7200000,0x00000000f7200000)
  from space 12800K, 0% used [0x00000000f7300000,0x00000000f7300000,0x00000000f7f80000)
  to   space 20480K, 0% used [0x00000000f8600000,0x00000000f8600000,0x00000000f9a00000)
 ParOldGen       total 349696K, used 349695K [0x00000000e0000000, 0x00000000f5580000, 0x00000000f5580000)
  object space 349696K, 99% used [0x00000000e0000000,0x00000000f557fff0,0x00000000f5580000)
 Metaspace       used 56385K, committed 57216K, reserved 1105920K
  class space    used 5503K, committed 5888K, reserved 1048576K

Card table byte_map: [0x00007f05072c7000,0x00007f05073c8000] _byte_map_base: 0x00007f0506bc7000

Marking Bits: (ParMarkBitMap*) 0x00007f052560e4c0
 Begin Bits: [0x00007f050611a000, 0x00007f050691a000)
 End Bits:   [0x00007f050691a000, 0x00007f050711a000)

Polling page: 0x00007f05241d8000

Metaspace:

Usage:
  Non-class:     49.69 MB used.
      Class:      5.37 MB used.
       Both:     55.06 MB used.

Virtual space:
  Non-class space:       56.00 MB reserved,      50.12 MB ( 90%) committed,  7 nodes.
      Class space:        1.00 GB reserved,       5.75 MB ( <1%) committed,  1 nodes.
             Both:        1.05 GB reserved,      55.88 MB (  5%) committed. 

Chunk freelists:
   Non-Class:  1.55 MB
       Class:  2.30 MB
        Both:  3.85 MB

MaxMetaspaceSize: unlimited
CompressedClassSpaceSize: 1.00 GB
Initial GC threshold: 21.00 MB
Current GC threshold: 93.06 MB
CDS: on
MetaspaceReclaimPolicy: balanced
 - commit_granule_bytes: 65536.
 - commit_granule_words: 8192.
 - virtual_space_node_default_size: 1048576.
 - enlarge_chunks_in_place: 1.
 - new_chunks_are_fully_committed: 0.
 - uncommit_free_chunks: 1.
 - use_allocation_guard: 0.
 - handle_deallocations: 1.


Internal statistics:

num_allocs_failed_limit: 6.
num_arena_births: 380.
num_arena_deaths: 70.
num_vsnodes_births: 8.
num_vsnodes_deaths: 0.
num_space_committed: 891.
num_space_uncommitted: 0.
num_chunks_returned_to_freelist: 95.
num_chunks_taken_from_freelist: 2526.
num_chunk_merges: 39.
num_chunk_splits: 1646.
num_chunks_enlarged: 1038.
num_purges: 10.
num_inconsistent_stats: 0.

CodeHeap 'non-profiled nmethods': size=120036Kb used=2551Kb max_used=2551Kb free=117484Kb
 bounds [0x00007f050ef7a000, 0x00007f050f1fa000, 0x00007f05164b3000]
CodeHeap 'profiled nmethods': size=120032Kb used=16096Kb max_used=16165Kb free=103935Kb
 bounds [0x00007f0507a42000, 0x00007f0508a22000, 0x00007f050ef7a000]
CodeHeap 'non-nmethods': size=5692Kb used=1378Kb max_used=1397Kb free=4314Kb
 bounds [0x00007f05074b3000, 0x00007f0507723000, 0x00007f0507a42000]
 total_blobs=7848 nmethods=7135 adapters=615
 compilation: enabled
              stopped_count=0, restarted_count=0
 full_count=0

JVMCI Events (20 events):
Event: 255.706 Thread 0x00007f05200b21b0 compacted oop handles in JVMCI runtime 0 from 133 to 131
Event: 265.095 Thread 0x00007f05200b21b0 compacted oop handles in JVMCI runtime 0 from 133 to 132
Event: 286.205 Thread 0x00007f05200b21b0 compacted oop handles in JVMCI runtime 0 from 184 to 181
Event: 286.205 Thread 0x00007f05200b21b0 compacted oop handles in JVMCI runtime 0 from 182 to 68
Event: 298.721 Thread 0x00007f05200b21b0 compacted oop handles in JVMCI runtime 0 from 74 to 73
Event: 332.537 Thread 0x00007f05200b21b0 compacted oop handles in JVMCI runtime 0 from 128 to 89
Event: 340.910 Thread 0x00007f05200b21b0 compacted oop handles in JVMCI runtime 0 from 128 to 122
Event: 345.523 Thread 0x00007f05200b21b0 compacted oop handles in JVMCI runtime 0 from 134 to 131
Event: 345.523 Thread 0x00007f05200b21b0 compacted oop handles in JVMCI runtime 0 from 132 to 57
Event: 351.922 Thread 0x00007f05200b21b0 detaching from JVMCI runtime 0: releasing idle compiler thread (0 other threads still attached)
Event: 351.922 Thread 0x00007f05200b21b0 shutting down HotSpotJVMCIRuntime for JVMCI runtime 0
Event: 351.922 Thread 0x00007f05200b21b0 shut down JVMCI runtime 0
Event: 353.520 Thread 0x00007f05200b21b0 destroyed JavaVM[3]@0x00007f04ca19e340 for JVMCI runtime 0
Event: 353.520 Thread 0x00007f05200b21b0 compacted oop handles in JVMCI runtime 0 from 64 to 64
Event: 353.520 Thread 0x00007f05200b21b0 releasing handles for JVMCI runtime 0: oop handles=64, metadata handles={total=681, live=677, blocks=51}
Event: 353.520 Thread 0x00007f05200b21b0 detached from JVMCI runtime 0
Event: 780.529 Thread 0x00007f05200b21b0 attached to JVMCI runtime 0
Event: 780.531 Thread 0x00007f05200b21b0 created JavaVM[4]@0x00007f04ca19e340 for JVMCI runtime 0
Event: 782.088 Thread 0x00007f05200b21b0 initializing JVMCI runtime 0
Event: 782.088 Thread 0x00007f05200b21b0 done waiting for JavaVM references initialization in JVMCI runtime 0

Compilation events (20 events):
Event: 340.910 Thread 0x00007f05200b21b0 nmethod 9362 0x00007f050f1f3a10 code [0x00007f050f1f3c80, 0x00007f050f1f4e60]
Event: 340.910 Thread 0x00007f05200b21b0 9494       4       org.eclipse.jdt.internal.compiler.util.CharArray::equals (33 bytes)
Event: 340.913 Thread 0x00007f05200b21b0 nmethod 9494 0x00007f050f1f5a90 code [0x00007f050f1f5c20, 0x00007f050f1f5d38]
Event: 340.913 Thread 0x00007f05200b21b0 9348       4       java.lang.System::checkKey (34 bytes)
Event: 340.914 Thread 0x00007f05200b21b0 nmethod 9348 0x00007f050f1f5e10 code [0x00007f050f1f5f80, 0x00007f050f1f6018]
Event: 340.914 Thread 0x00007f05200b21b0 9488       4       java.util.LinkedHashMap::get (29 bytes)
Event: 340.917 Thread 0x00007f05200b21b0 nmethod 9488 0x00007f050f1f6110 code [0x00007f050f1f62a0, 0x00007f050f1f6380]
Event: 340.917 Thread 0x00007f05200b21b0 9345   !   4       java.lang.ref.ReferenceQueue::enqueue (119 bytes)
Event: 345.523 Thread 0x00007f05200b21b0 nmethod 9345 0x00007f050f1f6510 code [0x00007f050f1f66c0, 0x00007f050f1f6a70]
Event: 345.523 Thread 0x00007f05200b21b0 9489       4       java.lang.reflect.Method::getParameterCount (6 bytes)
Event: 345.524 Thread 0x00007f05200b21b0 nmethod 9489 0x00007f050f1f6c90 code [0x00007f050f1f6e00, 0x00007f050f1f6e78]
Event: 345.524 Thread 0x00007f05200b21b0 9346       4       java.io.DataOutputStream::writeUTF (7 bytes)
Event: 350.136 Thread 0x00007f05200b21b0 nmethod 9346 0x00007f050f1f6f90 code [0x00007f050f1f7140, 0x00007f050f1f7988]
Event: 422.208 Thread 0x00007f05200b36c0 9496       3       org.eclipse.jdt.internal.compiler.util.HashtableOfModule::get (68 bytes)
Event: 423.698 Thread 0x00007f05200b36c0 nmethod 9496 0x00007f050856e610 code [0x00007f050856e800, 0x00007f050856ecb0]
Event: 493.732 Thread 0x00007f05200b36c0 9497       3       java.util.concurrent.ThreadPoolExecutor::runStateAtLeast (11 bytes)
Event: 493.732 Thread 0x00007f05200b36c0 nmethod 9497 0x00007f050856e290 code [0x00007f050856e420, 0x00007f050856e570]
Event: 527.889 Thread 0x00007f05200b36c0 9498       3       jdk.internal.misc.Unsafe::putReferenceOpaque (9 bytes)
Event: 527.889 Thread 0x00007f05200b36c0 nmethod 9498 0x00007f050856df10 code [0x00007f050856e0a0, 0x00007f050856e1d0]
Event: 780.529 Thread 0x00007f05200b21b0 9499       4       java.util.LinkedHashMap$LinkedKeyIterator::next (8 bytes)

GC Heap History (20 events):
Event: 788.382 GC heap before
{Heap before GC invocations=541 (full 450):
 PSYoungGen      total 41984K, used 29184K [0x00000000f5580000, 0x00000000f9a80000, 0x0000000100000000)
  eden space 29184K, 100% used [0x00000000f5580000,0x00000000f7200000,0x00000000f7200000)
  from space 12800K, 0% used [0x00000000f7300000,0x00000000f7300000,0x00000000f7f80000)
  to   space 20480K, 0% used [0x00000000f8600000,0x00000000f8600000,0x00000000f9a00000)
 ParOldGen       total 349696K, used 349690K [0x00000000e0000000, 0x00000000f5580000, 0x00000000f5580000)
  object space 349696K, 99% used [0x00000000e0000000,0x00000000f557eb28,0x00000000f5580000)
 Metaspace       used 56385K, committed 57216K, reserved 1105920K
  class space    used 5503K, committed 5888K, reserved 1048576K
}
Event: 789.932 GC heap after
{Heap after GC invocations=541 (full 450):
 PSYoungGen      total 49664K, used 29183K [0x00000000f5580000, 0x00000000f9a80000, 0x0000000100000000)
  eden space 29184K, 99% used [0x00000000f5580000,0x00000000f71fffc0,0x00000000f7200000)
  from space 20480K, 0% used [0x00000000f8600000,0x00000000f8600000,0x00000000f9a00000)
  to   space 12800K, 0% used [0x00000000f7300000,0x00000000f7300000,0x00000000f7f80000)
 ParOldGen       total 349696K, used 349690K [0x00000000e0000000, 0x00000000f5580000, 0x00000000f5580000)
  object space 349696K, 99% used [0x00000000e0000000,0x00000000f557eb28,0x00000000f5580000)
 Metaspace       used 56385K, committed 57216K, reserved 1105920K
  class space    used 5503K, committed 5888K, reserved 1048576K
}
Event: 789.932 GC heap before
{Heap before GC invocations=542 (full 451):
 PSYoungGen      total 49664K, used 29184K [0x00000000f5580000, 0x00000000f9a80000, 0x0000000100000000)
  eden space 29184K, 100% used [0x00000000f5580000,0x00000000f7200000,0x00000000f7200000)
  from space 20480K, 0% used [0x00000000f8600000,0x00000000f8600000,0x00000000f9a00000)
  to   space 12800K, 0% used [0x00000000f7300000,0x00000000f7300000,0x00000000f7f80000)
 ParOldGen       total 349696K, used 349690K [0x00000000e0000000, 0x00000000f5580000, 0x00000000f5580000)
  object space 349696K, 99% used [0x00000000e0000000,0x00000000f557eb28,0x00000000f5580000)
 Metaspace       used 56385K, committed 57216K, reserved 1105920K
  class space    used 5503K, committed 5888K, reserved 1048576K
}
Event: 791.512 GC heap after
{Heap after GC invocations=542 (full 451):
 PSYoungGen      total 41984K, used 29183K [0x00000000f5580000, 0x00000000f9a80000, 0x0000000100000000)
  eden space 29184K, 99% used [0x00000000f5580000,0x00000000f71fffe0,0x00000000f7200000)
  from space 12800K, 0% used [0x00000000f7300000,0x00000000f7300000,0x00000000f7f80000)
  to   space 20480K, 0% used [0x00000000f8600000,0x00000000f8600000,0x00000000f9a00000)
 ParOldGen       total 349696K, used 349690K [0x00000000e0000000, 0x00000000f5580000, 0x00000000f5580000)
  object space 349696K, 99% used [0x00000000e0000000,0x00000000f557eb08,0x00000000f5580000)
 Metaspace       used 56385K, committed 57216K, reserved 1105920K
  class space    used 5503K, committed 5888K, reserved 1048576K
}
Event: 791.513 GC heap before
{Heap before GC invocations=543 (full 452):
 PSYoungGen      total 41984K, used 29184K [0x00000000f5580000, 0x00000000f9a80000, 0x0000000100000000)
  eden space 29184K, 100% used [0x00000000f5580000,0x00000000f7200000,0x00000000f7200000)
  from space 12800K, 0% used [0x00000000f7300000,0x00000000f7300000,0x00000000f7f80000)
  to   space 20480K, 0% used [0x00000000f8600000,0x00000000f8600000,0x00000000f9a00000)
 ParOldGen       total 349696K, used 349692K [0x00000000e0000000, 0x00000000f5580000, 0x00000000f5580000)
  object space 349696K, 99% used [0x00000000e0000000,0x00000000f557f3f0,0x00000000f5580000)
 Metaspace       used 56385K, committed 57216K, reserved 1105920K
  class space    used 5503K, committed 5888K, reserved 1048576K
}
Event: 793.101 GC heap after
{Heap after GC invocations=543 (full 452):
 PSYoungGen      total 49664K, used 29183K [0x00000000f5580000, 0x00000000f9a80000, 0x0000000100000000)
  eden space 29184K, 99% used [0x00000000f5580000,0x00000000f71ffe70,0x00000000f7200000)
  from space 20480K, 0% used [0x00000000f8600000,0x00000000f8600000,0x00000000f9a00000)
  to   space 12800K, 0% used [0x00000000f7300000,0x00000000f7300000,0x00000000f7f80000)
 ParOldGen       total 349696K, used 349691K [0x00000000e0000000, 0x00000000f5580000, 0x00000000f5580000)
  object space 349696K, 99% used [0x00000000e0000000,0x00000000f557eee0,0x00000000f5580000)
 Metaspace       used 56385K, committed 57216K, reserved 1105920K
  class space    used 5503K, committed 5888K, reserved 1048576K
}
Event: 793.102 GC heap before
{Heap before GC invocations=544 (full 453):
 PSYoungGen      total 49664K, used 29183K [0x00000000f5580000, 0x00000000f9a80000, 0x0000000100000000)
  eden space 29184K, 99% used [0x00000000f5580000,0x00000000f71ffff8,0x00000000f7200000)
  from space 20480K, 0% used [0x00000000f8600000,0x00000000f8600000,0x00000000f9a00000)
  to   space 12800K, 0% used [0x00000000f7300000,0x00000000f7300000,0x00000000f7f80000)
 ParOldGen       total 349696K, used 349691K [0x00000000e0000000, 0x00000000f5580000, 0x00000000f5580000)
  object space 349696K, 99% used [0x00000000e0000000,0x00000000f557eee0,0x00000000f5580000)
 Metaspace       used 56385K, committed 57216K, reserved 1105920K
  class space    used 5503K, committed 5888K, reserved 1048576K
}
Event: 794.608 GC heap after
{Heap after GC invocations=544 (full 453):
 PSYoungGen      total 41984K, used 29183K [0x00000000f5580000, 0x00000000f9a80000, 0x0000000100000000)
  eden space 29184K, 99% used [0x00000000f5580000,0x00000000f71ffff8,0x00000000f7200000)
  from space 12800K, 0% used [0x00000000f7300000,0x00000000f7300000,0x00000000f7f80000)
  to   space 20480K, 0% used [0x00000000f8600000,0x00000000f8600000,0x00000000f9a00000)
 ParOldGen       total 349696K, used 349691K [0x00000000e0000000, 0x00000000f5580000, 0x00000000f5580000)
  object space 349696K, 99% used [0x00000000e0000000,0x00000000f557eee0,0x00000000f5580000)
 Metaspace       used 56385K, committed 57216K, reserved 1105920K
  class space    used 5503K, committed 5888K, reserved 1048576K
}
Event: 794.609 GC heap before
{Heap before GC invocations=545 (full 454):
 PSYoungGen      total 41984K, used 29183K [0x00000000f5580000, 0x00000000f9a80000, 0x0000000100000000)
  eden space 29184K, 99% used [0x00000000f5580000,0x00000000f71ffff8,0x00000000f7200000)
  from space 12800K, 0% used [0x00000000f7300000,0x00000000f7300000,0x00000000f7f80000)
  to   space 20480K, 0% used [0x00000000f8600000,0x00000000f8600000,0x00000000f9a00000)
 ParOldGen       total 349696K, used 349695K [0x00000000e0000000, 0x00000000f5580000, 0x00000000f5580000)
  object space 349696K, 99% used [0x00000000e0000000,0x00000000f557ffd0,0x00000000f5580000)
 Metaspace       used 56385K, committed 57216K, reserved 1105920K
  class space    used 5503K, committed 5888K, reserved 1048576K
}
Event: 796.232 GC heap after
{Heap after GC invocations=545 (full 454):
 PSYoungGen      total 49664K, used 29182K [0x00000000f5580000, 0x00000000f9a80000, 0x0000000100000000)
  eden space 29184K, 99% used [0x00000000f5580000,0x00000000f71ffad8,0x00000000f7200000)
  from space 20480K, 0% used [0x00000000f8600000,0x00000000f8600000,0x00000000f9a00000)
  to   space 12800K, 0% used [0x00000000f7300000,0x00000000f7300000,0x00000000f7f80000)
 ParOldGen       total 349696K, used 349695K [0x00000000e0000000, 0x00000000f5580000, 0x00000000f5580000)
  object space 349696K, 99% used [0x00000000e0000000,0x00000000f557ffb8,0x00000000f5580000)
 Metaspace       used 56385K, committed 57216K, reserved 1105920K
  class space    used 5503K, committed 5888K, reserved 1048576K
}
Event: 796.232 GC heap before
{Heap before GC invocations=546 (full 455):
 PSYoungGen      total 49664K, used 29184K [0x00000000f5580000, 0x00000000f9a80000, 0x0000000100000000)
  eden space 29184K, 100% used [0x00000000f5580000,0x00000000f7200000,0x00000000f7200000)
  from space 20480K, 0% used [0x00000000f8600000,0x00000000f8600000,0x00000000f9a00000)
  to   space 12800K, 0% used [0x00000000f7300000,0x00000000f7300000,0x00000000f7f80000)
 ParOldGen       total 349696K, used 349695K [0x00000000e0000000, 0x00000000f5580000, 0x00000000f5580000)
  object space 349696K, 99% used [0x00000000e0000000,0x00000000f557ffb8,0x00000000f5580000)
 Metaspace       used 56385K, committed 57216K, reserved 1105920K
  class space    used 5503K, committed 5888K, reserved 1048576K
}
Event: 797.891 GC heap after
{Heap after GC invocations=546 (full 455):
 PSYoungGen      total 41984K, used 29183K [0x00000000f5580000, 0x00000000f9a80000, 0x0000000100000000)
  eden space 29184K, 99% used [0x00000000f5580000,0x00000000f71ffe08,0x00000000f7200000)
  from space 12800K, 0% used [0x00000000f7300000,0x00000000f7300000,0x00000000f7f80000)
  to   space 20480K, 0% used [0x00000000f8600000,0x00000000f8600000,0x00000000f9a00000)
 ParOldGen       total 349696K, used 349695K [0x00000000e0000000, 0x00000000f5580000, 0x00000000f5580000)
  object space 349696K, 99% used [0x00000000e0000000,0x00000000f557ff38,0x00000000f5580000)
 Metaspace       used 56385K, committed 57216K, reserved 1105920K
  class space    used 5503K, committed 5888K, reserved 1048576K
}
Event: 797.893 GC heap before
{Heap before GC invocations=547 (full 456):
 PSYoungGen      total 41984K, used 29183K [0x00000000f5580000, 0x00000000f9a80000, 0x0000000100000000)
  eden space 29184K, 99% used [0x00000000f5580000,0x00000000f71ffff0,0x00000000f7200000)
  from space 12800K, 0% used [0x00000000f7300000,0x00000000f7300000,0x00000000f7f80000)
  to   space 20480K, 0% used [0x00000000f8600000,0x00000000f8600000,0x00000000f9a00000)
 ParOldGen       total 349696K, used 349695K [0x00000000e0000000, 0x00000000f5580000, 0x00000000f5580000)
  object space 349696K, 99% used [0x00000000e0000000,0x00000000f557ff38,0x00000000f5580000)
 Metaspace       used 56385K, committed 57216K, reserved 1105920K
  class space    used 5503K, committed 5888K, reserved 1048576K
}
Event: 799.936 GC heap after
{Heap after GC invocations=547 (full 456):
 PSYoungGen      total 49664K, used 29183K [0x00000000f5580000, 0x00000000f9a80000, 0x0000000100000000)
  eden space 29184K, 99% used [0x00000000f5580000,0x00000000f71ffda8,0x00000000f7200000)
  from space 20480K, 0% used [0x00000000f8600000,0x00000000f8600000,0x00000000f9a00000)
  to   space 12800K, 0% used [0x00000000f7300000,0x00000000f7300000,0x00000000f7f80000)
 ParOldGen       total 349696K, used 349695K [0x00000000e0000000, 0x00000000f5580000, 0x00000000f5580000)
  object space 349696K, 99% used [0x00000000e0000000,0x00000000f557ff38,0x00000000f5580000)
 Metaspace       used 56385K, committed 57216K, reserved 1105920K
  class space    used 5503K, committed 5888K, reserved 1048576K
}
Event: 799.939 GC heap before
{Heap before GC invocations=548 (full 457):
 PSYoungGen      total 49664K, used 29183K [0x00000000f5580000, 0x00000000f9a80000, 0x0000000100000000)
  eden space 29184K, 99% used [0x00000000f5580000,0x00000000f71ffff8,0x00000000f7200000)
  from space 20480K, 0% used [0x00000000f8600000,0x00000000f8600000,0x00000000f9a00000)
  to   space 12800K, 0% used [0x00000000f7300000,0x00000000f7300000,0x00000000f7f80000)
 ParOldGen       total 349696K, used 349695K [0x00000000e0000000, 0x00000000f5580000, 0x00000000f5580000)
  object space 349696K, 99% used [0x00000000e0000000,0x00000000f557ff38,0x00000000f5580000)
 Metaspace       used 56385K, committed 57216K, reserved 1105920K
  class space    used 5503K, committed 5888K, reserved 1048576K
}
Event: 801.612 GC heap after
{Heap after GC invocations=548 (full 457):
 PSYoungGen      total 41984K, used 29183K [0x00000000f5580000, 0x00000000f9a80000, 0x0000000100000000)
  eden space 29184K, 99% used [0x00000000f5580000,0x00000000f71ffea0,0x00000000f7200000)
  from space 12800K, 0% used [0x00000000f7300000,0x00000000f7300000,0x00000000f7f80000)
  to   space 20480K, 0% used [0x00000000f8600000,0x00000000f8600000,0x00000000f9a00000)
 ParOldGen       total 349696K, used 349695K [0x00000000e0000000, 0x00000000f5580000, 0x00000000f5580000)
  object space 349696K, 99% used [0x00000000e0000000,0x00000000f557ff38,0x00000000f5580000)
 Metaspace       used 56385K, committed 57216K, reserved 1105920K
  class space    used 5503K, committed 5888K, reserved 1048576K
}
Event: 801.613 GC heap before
{Heap before GC invocations=549 (full 458):
 PSYoungGen      total 41984K, used 29183K [0x00000000f5580000, 0x00000000f9a80000, 0x0000000100000000)
  eden space 29184K, 99% used [0x00000000f5580000,0x00000000f71ffee8,0x00000000f7200000)
  from space 12800K, 0% used [0x00000000f7300000,0x00000000f7300000,0x00000000f7f80000)
  to   space 20480K, 0% used [0x00000000f8600000,0x00000000f8600000,0x00000000f9a00000)
 ParOldGen       total 349696K, used 349695K [0x00000000e0000000, 0x00000000f5580000, 0x00000000f5580000)
  object space 349696K, 99% used [0x00000000e0000000,0x00000000f557ff38,0x00000000f5580000)
 Metaspace       used 56385K, committed 57216K, reserved 1105920K
  class space    used 5503K, committed 5888K, reserved 1048576K
}
Event: 803.312 GC heap after
{Heap after GC invocations=549 (full 458):
 PSYoungGen      total 49664K, used 29183K [0x00000000f5580000, 0x00000000f9a80000, 0x0000000100000000)
  eden space 29184K, 99% used [0x00000000f5580000,0x00000000f71ffeb8,0x00000000f7200000)
  from space 20480K, 0% used [0x00000000f8600000,0x00000000f8600000,0x00000000f9a00000)
  to   space 12800K, 0% used [0x00000000f7300000,0x00000000f7300000,0x00000000f7f80000)
 ParOldGen       total 349696K, used 349695K [0x00000000e0000000, 0x00000000f5580000, 0x00000000f5580000)
  object space 349696K, 99% used [0x00000000e0000000,0x00000000f557ff38,0x00000000f5580000)
 Metaspace       used 56385K, committed 57216K, reserved 1105920K
  class space    used 5503K, committed 5888K, reserved 1048576K
}
Event: 803.312 GC heap before
{Heap before GC invocations=550 (full 459):
 PSYoungGen      total 49664K, used 29183K [0x00000000f5580000, 0x00000000f9a80000, 0x0000000100000000)
  eden space 29184K, 99% used [0x00000000f5580000,0x00000000f71ffeb8,0x00000000f7200000)
  from space 20480K, 0% used [0x00000000f8600000,0x00000000f8600000,0x00000000f9a00000)
  to   space 12800K, 0% used [0x00000000f7300000,0x00000000f7300000,0x00000000f7f80000)
 ParOldGen       total 349696K, used 349695K [0x00000000e0000000, 0x00000000f5580000, 0x00000000f5580000)
  object space 349696K, 99% used [0x00000000e0000000,0x00000000f557ff38,0x00000000f5580000)
 Metaspace       used 56385K, committed 57216K, reserved 1105920K
  class space    used 5503K, committed 5888K, reserved 1048576K
}
Event: 805.002 GC heap after
{Heap after GC invocations=550 (full 459):
 PSYoungGen      total 41984K, used 29183K [0x00000000f5580000, 0x00000000f9a80000, 0x0000000100000000)
  eden space 29184K, 99% used [0x00000000f5580000,0x00000000f71ffeb8,0x00000000f7200000)
  from space 12800K, 0% used [0x00000000f7300000,0x00000000f7300000,0x00000000f7f80000)
  to   space 20480K, 0% used [0x00000000f8600000,0x00000000f8600000,0x00000000f9a00000)
 ParOldGen       total 349696K, used 349695K [0x00000000e0000000, 0x00000000f5580000, 0x00000000f5580000)
  object space 349696K, 99% used [0x00000000e0000000,0x00000000f557ff38,0x00000000f5580000)
 Metaspace       used 56385K, committed 57216K, reserved 1105920K
  class space    used 5503K, committed 5888K, reserved 1048576K
}

Dll operation events (9 events):
Event: 0.004 Loaded shared library /nix/store/gpxl5qgg8kicmcvivwmybwjlpf7wh20l-graalvm17-ce-22.3.0/lib/libjava.so
Event: 0.014 Loaded shared library /nix/store/gpxl5qgg8kicmcvivwmybwjlpf7wh20l-graalvm17-ce-22.3.0/lib/libjsvml.so
Event: 0.233 Loaded shared library /nix/store/gpxl5qgg8kicmcvivwmybwjlpf7wh20l-graalvm17-ce-22.3.0/lib/libnio.so
Event: 0.237 Loaded shared library /nix/store/gpxl5qgg8kicmcvivwmybwjlpf7wh20l-graalvm17-ce-22.3.0/lib/libzip.so
Event: 0.284 Loaded shared library /nix/store/gpxl5qgg8kicmcvivwmybwjlpf7wh20l-graalvm17-ce-22.3.0/lib/libjvmcicompiler.so
Event: 0.805 Loaded shared library /nix/store/gpxl5qgg8kicmcvivwmybwjlpf7wh20l-graalvm17-ce-22.3.0/lib/libjimage.so
Event: 1.596 Loaded shared library /nix/store/gpxl5qgg8kicmcvivwmybwjlpf7wh20l-graalvm17-ce-22.3.0/lib/libnet.so
Event: 6.094 Loaded shared library /home/runner/.cache/jdt-language-server/config/org.eclipse.equinox.launcher/org.eclipse.equinox.launcher.gtk.linux.x86_64_1.2.400.v20211117-0650/eclipse_11600.so
Event: 17.093 Loaded shared library /nix/store/gpxl5qgg8kicmcvivwmybwjlpf7wh20l-graalvm17-ce-22.3.0/lib/libextnet.so

Deoptimization events (20 events):
Event: 77.005 Thread 0x00007f04a4172640 DEOPT PACKING pc=0x00007f050f0eb9e8 sp=0x00007f04ca7fd110
Event: 77.005 Thread 0x00007f04a4172640 DEOPT UNPACKING pc=0x00007f0507505325 sp=0x00007f04ca7fc5a8 mode 3
Event: 77.183 Thread 0x00007f04a4172640 Uncommon trap: trap_request=0xffffffcd fr.pc=0x00007f050f145cc4 relative=0x0000000000000c24
Event: 77.183 Thread 0x00007f04a4172640 Uncommon trap: reason=intrinsic_or_type_checked_inlining action=reinterpret pc=0x00007f050f145cc4 method=org.eclipse.jdt.internal.compiler.util.SimpleLookupTable.put(Ljava/lang/Object;Ljava/lang/Object;)Ljava/lang/Object; @ 0 jvmci
Event: 77.183 Thread 0x00007f04a4172640 DEOPT PACKING pc=0x00007f050f145cc4 sp=0x00007f04ca7fdbb0
Event: 77.183 Thread 0x00007f04a4172640 DEOPT UNPACKING pc=0x00007f0507505325 sp=0x00007f04ca7fd088 mode 3
Event: 80.395 Thread 0x00007f04b84a0920 DEOPT PACKING pc=0x00007f05086736dd sp=0x00007f04cbdfe530
Event: 80.395 Thread 0x00007f04b84a0920 DEOPT UNPACKING pc=0x00007f0507505325 sp=0x00007f04cbdfda20 mode 0
Event: 80.504 Thread 0x00007f04b84a0920 DEOPT PACKING pc=0x00007f05086736dd sp=0x00007f04cbdfe530
Event: 80.504 Thread 0x00007f04b84a0920 DEOPT UNPACKING pc=0x00007f0507505325 sp=0x00007f04cbdfda20 mode 0
Event: 80.505 Thread 0x00007f04b84a0920 DEOPT PACKING pc=0x00007f05086736dd sp=0x00007f04cbdfe530
Event: 80.505 Thread 0x00007f04b84a0920 DEOPT UNPACKING pc=0x00007f0507505325 sp=0x00007f04cbdfda20 mode 0
Event: 159.136 Thread 0x00007f05200a64b0 Uncommon trap: trap_request=0xffffffcd fr.pc=0x00007f050f1de254 relative=0x0000000000000394
Event: 159.136 Thread 0x00007f05200a64b0 Uncommon trap: reason=intrinsic_or_type_checked_inlining action=reinterpret pc=0x00007f050f1de254 method=java.lang.ref.Reference.enqueueFromPending()V @ 4 jvmci
Event: 159.136 Thread 0x00007f05200a64b0 DEOPT PACKING pc=0x00007f050f1de254 sp=0x00007f0504efc8c0
Event: 159.136 Thread 0x00007f05200a64b0 DEOPT UNPACKING pc=0x00007f0507505325 sp=0x00007f0504efbd68 mode 3
Event: 168.994 Thread 0x00007f05203d3e50 DEOPT PACKING pc=0x00007f050832a659 sp=0x00007f04d41fd220
Event: 168.994 Thread 0x00007f05203d3e50 DEOPT UNPACKING pc=0x00007f0507505325 sp=0x00007f04d41fc750 mode 0
Event: 186.021 Thread 0x00007f05203d3e50 DEOPT PACKING pc=0x00007f0508332606 sp=0x00007f04d41fd440
Event: 186.021 Thread 0x00007f05203d3e50 DEOPT UNPACKING pc=0x00007f0507505325 sp=0x00007f04d41fc8d0 mode 0

Classes unloaded (20 events):
Event: 154.327 Thread 0x00007f05200a1bf0 Unloading class 0x0000000800d04c00 'java/lang/invoke/LambdaForm$MH+0x0000000800d04c00'
Event: 154.327 Thread 0x00007f05200a1bf0 Unloading class 0x0000000800d04800 'java/lang/invoke/LambdaForm$MH+0x0000000800d04800'
Event: 162.482 Thread 0x00007f05200a1bf0 Unloading class 0x0000000800f0c000 'jdk/internal/reflect/GeneratedConstructorAccessor14'
Event: 162.482 Thread 0x00007f05200a1bf0 Unloading class 0x0000000800f04800 'jdk/internal/reflect/GeneratedConstructorAccessor12'
Event: 162.482 Thread 0x00007f05200a1bf0 Unloading class 0x0000000800f04400 'jdk/internal/reflect/GeneratedConstructorAccessor11'
Event: 162.482 Thread 0x00007f05200a1bf0 Unloading class 0x0000000800f04000 'jdk/internal/reflect/GeneratedConstructorAccessor10'
Event: 164.494 Thread 0x00007f05200a1bf0 Unloading class 0x000000080105d400 'java/lang/invoke/LambdaForm$MH+0x000000080105d400'
Event: 164.494 Thread 0x00007f05200a1bf0 Unloading class 0x000000080105d000 'java/lang/invoke/LambdaForm$MH+0x000000080105d000'
Event: 164.494 Thread 0x00007f05200a1bf0 Unloading class 0x000000080105cc00 'java/lang/invoke/LambdaForm$MH+0x000000080105cc00'
Event: 164.494 Thread 0x00007f05200a1bf0 Unloading class 0x000000080105c800 'java/lang/invoke/LambdaForm$MH+0x000000080105c800'
Event: 164.494 Thread 0x00007f05200a1bf0 Unloading class 0x000000080105c400 'java/lang/invoke/LambdaForm$MH+0x000000080105c400'
Event: 164.494 Thread 0x00007f05200a1bf0 Unloading class 0x000000080105c000 'java/lang/invoke/LambdaForm$MH+0x000000080105c000'
Event: 164.495 Thread 0x00007f05200a1bf0 Unloading class 0x0000000800d98400 'java/lang/invoke/LambdaForm$MH+0x0000000800d98400'
Event: 164.495 Thread 0x00007f05200a1bf0 Unloading class 0x0000000800d04000 'java/lang/invoke/LambdaForm$MH+0x0000000800d04000'
Event: 177.732 Thread 0x00007f05200a1bf0 Unloading class 0x00000008011b0800 'jdk/internal/reflect/GeneratedConstructorAccessor35'
Event: 177.732 Thread 0x00007f05200a1bf0 Unloading class 0x00000008011b0400 'jdk/internal/reflect/GeneratedConstructorAccessor34'
Event: 177.732 Thread 0x00007f05200a1bf0 Unloading class 0x0000000801089400 'jdk/internal/reflect/GeneratedSerializationConstructorAccessor4'
Event: 177.732 Thread 0x00007f05200a1bf0 Unloading class 0x0000000801089000 'jdk/internal/reflect/GeneratedSerializationConstructorAccessor3'
Event: 177.732 Thread 0x00007f05200a1bf0 Unloading class 0x0000000801088c00 'jdk/internal/reflect/GeneratedSerializationConstructorAccessor2'
Event: 177.732 Thread 0x00007f05200a1bf0 Unloading class 0x0000000801088800 'jdk/internal/reflect/GeneratedSerializationConstructorAccessor1'

Classes redefined (0 events):
No events

Internal exceptions (20 events):
Event: 55.405 Thread 0x00007f04a4172640 Exception <a 'java/lang/ArrayIndexOutOfBoundsException'{0x00000000f6c27e78}: Index 55 out of bounds for length 55> (0x00000000f6c27e78) 
thrown [src/hotspot/share/interpreter/interpreterRuntime.cpp, line 428]
Event: 55.405 Thread 0x00007f04a4172640 Exception <a 'java/lang/ArrayIndexOutOfBoundsException'{0x00000000f6c28288}: Index 55 out of bounds for length 55> (0x00000000f6c28288) 
thrown [src/hotspot/share/interpreter/interpreterRuntime.cpp, line 428]
Event: 55.405 Thread 0x00007f04a4172640 Exception <a 'java/lang/ArrayIndexOutOfBoundsException'{0x00000000f6c28648}: Index 56 out of bounds for length 55> (0x00000000f6c28648) 
thrown [src/hotspot/share/interpreter/interpreterRuntime.cpp, line 428]
Event: 57.191 Thread 0x00007f04a4172640 Exception <a 'java/lang/ArrayIndexOutOfBoundsException'{0x00000000f5668e30}: Index 61 out of bounds for length 61> (0x00000000f5668e30) 
thrown [src/hotspot/share/interpreter/interpreterRuntime.cpp, line 428]
Event: 57.191 Thread 0x00007f04a4172640 Exception <a 'java/lang/ArrayIndexOutOfBoundsException'{0x00000000f5669240}: Index 61 out of bounds for length 61> (0x00000000f5669240) 
thrown [src/hotspot/share/interpreter/interpreterRuntime.cpp, line 428]
Event: 57.191 Thread 0x00007f04a4172640 Exception <a 'java/lang/ArrayIndexOutOfBoundsException'{0x00000000f5669600}: Index 62 out of bounds for length 61> (0x00000000f5669600) 
thrown [src/hotspot/share/interpreter/interpreterRuntime.cpp, line 428]
Event: 62.989 Thread 0x00007f04a4129e20 Exception <a 'java/lang/ArrayIndexOutOfBoundsException'{0x00000000f68bc4e8}: Index 78 out of bounds for length 78> (0x00000000f68bc4e8) 
thrown [src/hotspot/share/interpreter/interpreterRuntime.cpp, line 428]
Event: 62.989 Thread 0x00007f04a4129e20 Exception <a 'java/lang/ArrayIndexOutOfBoundsException'{0x00000000f68bc8f8}: Index 78 out of bounds for length 78> (0x00000000f68bc8f8) 
thrown [src/hotspot/share/interpreter/interpreterRuntime.cpp, line 428]
Event: 62.989 Thread 0x00007f04a4129e20 Exception <a 'java/lang/ArrayIndexOutOfBoundsException'{0x00000000f68bccb8}: Index 79 out of bounds for length 78> (0x00000000f68bccb8) 
thrown [src/hotspot/share/interpreter/interpreterRuntime.cpp, line 428]
Event: 64.688 Thread 0x00007f04a4172640 Exception <a 'java/lang/ArrayIndexOutOfBoundsException'{0x00000000f583d398}: Index 84 out of bounds for length 84> (0x00000000f583d398) 
thrown [src/hotspot/share/interpreter/interpreterRuntime.cpp, line 428]
Event: 64.688 Thread 0x00007f04a4172640 Exception <a 'java/lang/ArrayIndexOutOfBoundsException'{0x00000000f583d7a8}: Index 84 out of bounds for length 84> (0x00000000f583d7a8) 
thrown [src/hotspot/share/interpreter/interpreterRuntime.cpp, line 428]
Event: 64.688 Thread 0x00007f04a4172640 Exception <a 'java/lang/ArrayIndexOutOfBoundsException'{0x00000000f583db68}: Index 85 out of bounds for length 84> (0x00000000f583db68) 
thrown [src/hotspot/share/interpreter/interpreterRuntime.cpp, line 428]
Event: 67.485 Thread 0x00007f04a4172640 Exception <a 'java/lang/ArrayIndexOutOfBoundsException'{0x00000000f6b9a8c8}: Index 92 out of bounds for length 92> (0x00000000f6b9a8c8) 
thrown [src/hotspot/share/interpreter/interpreterRuntime.cpp, line 428]
Event: 67.487 Thread 0x00007f04a4172640 Exception <a 'java/lang/ArrayIndexOutOfBoundsException'{0x00000000f6b9acd8}: Index 92 out of bounds for length 92> (0x00000000f6b9acd8) 
thrown [src/hotspot/share/interpreter/interpreterRuntime.cpp, line 428]
Event: 67.487 Thread 0x00007f04a4172640 Exception <a 'java/lang/ArrayIndexOutOfBoundsException'{0x00000000f6b9b098}: Index 93 out of bounds for length 92> (0x00000000f6b9b098) 
thrown [src/hotspot/share/interpreter/interpreterRuntime.cpp, line 428]
Event: 76.108 Thread 0x00007f049006d630 Implicit null exception at 0x00007f050f14dd24 to 0x00007f0507504f68
Event: 159.139 Thread 0x00007f04a4172640 Exception <a 'java/lang/ArrayIndexOutOfBoundsException'{0x00000000f70c19f8}: Index 115 out of bounds for length 115> (0x00000000f70c19f8) 
thrown [src/hotspot/share/interpreter/interpreterRuntime.cpp, line 428]
Event: 159.141 Thread 0x00007f04a4172640 Exception <a 'java/lang/ArrayIndexOutOfBoundsException'{0x00000000f70c1e08}: Index 115 out of bounds for length 115> (0x00000000f70c1e08) 
thrown [src/hotspot/share/interpreter/interpreterRuntime.cpp, line 428]
Event: 159.142 Thread 0x00007f04a4172640 Exception <a 'java/lang/ArrayIndexOutOfBoundsException'{0x00000000f70c21c8}: Index 116 out of bounds for length 115> (0x00000000f70c21c8) 
thrown [src/hotspot/share/interpreter/interpreterRuntime.cpp, line 428]
Event: 805.002 Thread 0x00007f05200b21b0 Exception <a 'java/lang/OutOfMemoryError'{0x00000000e0003408}> (0x00000000e0003408) 
thrown [src/hotspot/share/gc/shared/memAllocator.cpp, line 136]

VM Operations (20 events):
Event: 786.782 Executing VM operation: ParallelGCFailedAllocation
Event: 788.334 Executing VM operation: ParallelGCFailedAllocation done
Event: 788.334 Executing VM operation: ParallelGCFailedAllocation
Event: 789.932 Executing VM operation: ParallelGCFailedAllocation done
Event: 789.932 Executing VM operation: ParallelGCFailedAllocation
Event: 791.512 Executing VM operation: ParallelGCFailedAllocation done
Event: 791.512 Executing VM operation: ParallelGCFailedAllocation
Event: 793.101 Executing VM operation: ParallelGCFailedAllocation done
Event: 793.102 Executing VM operation: ParallelGCFailedAllocation
Event: 794.608 Executing VM operation: ParallelGCFailedAllocation done
Event: 794.608 Executing VM operation: ParallelGCFailedAllocation
Event: 796.232 Executing VM operation: ParallelGCFailedAllocation done
Event: 796.232 Executing VM operation: ParallelGCFailedAllocation
Event: 797.892 Executing VM operation: ParallelGCFailedAllocation done
Event: 797.892 Executing VM operation: ParallelGCFailedAllocation
Event: 799.937 Executing VM operation: ParallelGCFailedAllocation done
Event: 799.939 Executing VM operation: ParallelGCFailedAllocation
Event: 801.612 Executing VM operation: ParallelGCFailedAllocation done
Event: 801.613 Executing VM operation: ParallelGCFailedAllocation
Event: 805.002 Executing VM operation: ParallelGCFailedAllocation done

Events (20 events):
Event: 67.192 Thread 0x00007f04a4134bc0 Thread exited: 0x00007f04a4134bc0
Event: 67.223 Thread 0x00007f04a4172640 Thread exited: 0x00007f04a4172640
Event: 67.482 Thread 0x00007f04a4172640 Thread added: 0x00007f04a4172640
Event: 67.482 Protecting memory [0x00007f04ca700000,0x00007f04ca704000] with protection modes 0
Event: 74.182 Thread 0x00007f04a4172640 Thread exited: 0x00007f04a4172640
Event: 76.282 Thread 0x00007f04a4172640 Thread added: 0x00007f04a4172640
Event: 76.290 Protecting memory [0x00007f04ca700000,0x00007f04ca704000] with protection modes 0
Event: 77.002 Thread 0x00007f04a4134bc0 Thread added: 0x00007f04a4134bc0
Event: 77.003 Protecting memory [0x00007f04d4200000,0x00007f04d4204000] with protection modes 0
Event: 77.901 Thread 0x00007f04a4172640 Thread exited: 0x00007f04a4172640
Event: 79.687 Thread 0x00007f04a4134bc0 Thread exited: 0x00007f04a4134bc0
Event: 143.192 Thread 0x00007f04b8304c50 Thread exited: 0x00007f04b8304c50
Event: 143.195 Thread 0x00007f049006cb10 Thread exited: 0x00007f049006cb10
Event: 143.195 Thread 0x00007f049c0010d0 Thread exited: 0x00007f049c0010d0
Event: 146.719 Thread 0x00007f049006d630 Thread exited: 0x00007f049006d630
Event: 157.186 Thread 0x00007f04a4172640 Thread added: 0x00007f04a4172640
Event: 157.215 Protecting memory [0x00007f04ca800000,0x00007f04ca804000] with protection modes 0
Event: 167.091 Thread 0x00007f048418b450 Thread added: 0x00007f048418b450
Event: 167.092 Thread 0x00007f04a4172640 Thread exited: 0x00007f04a4172640
Event: 167.092 Protecting memory [0x00007f04cbe00000,0x00007f04cbe04000] with protection modes 0


Dynamic libraries:
e0000000-f5580000 rw-p 00000000 00:00 0 
f5580000-f9a80000 rw-p 00000000 00:00 0 
f9a80000-100000000 ---p 00000000 00:00 0 
800000000-800449000 rw-p 00001000 00:14f0 4611686019135357769            /nix/store/gpxl5qgg8kicmcvivwmybwjlpf7wh20l-graalvm17-ce-22.3.0/lib/server/classes.jsa
800449000-800bc8000 r--p 0044a000 00:14f0 4611686019135357769            /nix/store/gpxl5qgg8kicmcvivwmybwjlpf7wh20l-graalvm17-ce-22.3.0/lib/server/classes.jsa
800bc8000-800c00000 ---p 00000000 00:00 0 
800c00000-800c20000 rw-p 00000000 00:00 0 
800c20000-800c40000 rw-p 00000000 00:00 0 
800c40000-800cc0000 rw-p 00000000 00:00 0 
800cc0000-800d00000 rw-p 00000000 00:00 0 
800d00000-800dc0000 rw-p 00000000 00:00 0 
800dc0000-800e00000 rw-p 00000000 00:00 0 
800e00000-800f40000 rw-p 00000000 00:00 0 
800f40000-800fc0000 rw-p 00000000 00:00 0 
800fc0000-801000000 rw-p 00000000 00:00 0 
801000000-8011c0000 rw-p 00000000 00:00 0 
8011c0000-840c00000 ---p 00000000 00:00 0 
55d4f0c79000-55d4f0c7a000 r-xp 00000000 00:14f0 4611686019099417844      /nix/store/gpxl5qgg8kicmcvivwmybwjlpf7wh20l-graalvm17-ce-22.3.0/bin/.java-wrapped
55d4f0c7b000-55d4f0c7c000 r--p 00001000 00:14f0 4611686019099417844      /nix/store/gpxl5qgg8kicmcvivwmybwjlpf7wh20l-graalvm17-ce-22.3.0/bin/.java-wrapped
55d4f0c7c000-55d4f0c7d000 rw-p 00002000 00:14f0 4611686019099417844      /nix/store/gpxl5qgg8kicmcvivwmybwjlpf7wh20l-graalvm17-ce-22.3.0/bin/.java-wrapped
55d4f0c7d000-55d4f0c7e000 rw-p 00004000 00:14f0 4611686019099417844      /nix/store/gpxl5qgg8kicmcvivwmybwjlpf7wh20l-graalvm17-ce-22.3.0/bin/.java-wrapped
55d4f0c7e000-55d4f0c7f000 rw-p 00005000 00:14f0 4611686019099417844      /nix/store/gpxl5qgg8kicmcvivwmybwjlpf7wh20l-graalvm17-ce-22.3.0/bin/.java-wrapped
55d4f219d000-55d4f21e5000 rw-p 00000000 00:00 0                          [heap]
7f046c000000-7f046c035000 rw-p 00000000 00:00 0 
7f046c035000-7f0470000000 ---p 00000000 00:00 0 
7f0470400000-7f0470580000 rw-p 00000000 00:00 0 
7f0470580000-7f04705a0000 rw-p 00000000 00:00 0 
7f04705a0000-7f0470600000 ---p 00000000 00:00 0 
7f0470600000-7f0470680000 rw-p 00000000 00:00 0 
7f0470680000-7f0470c00000 ---p 00000000 00:00 0 
7f0471c00000-7f0472400000 rw-p 00000000 00:00 0 
7f04724b3000-7f047c000000 r--s 00000000 00:14f0 4611686019135192581      /nix/store/gpxl5qgg8kicmcvivwmybwjlpf7wh20l-graalvm17-ce-22.3.0/lib/modules
7f047c000000-7f047c02d000 rw-p 00000000 00:00 0 
7f047c02d000-7f0480000000 ---p 00000000 00:00 0 
7f0480000000-7f0480202000 rw-p 00000000 00:00 0 
7f0480202000-7f0484000000 ---p 00000000 00:00 0 
7f0484000000-7f0484192000 rw-p 00000000 00:00 0 
7f0484192000-7f0488000000 ---p 00000000 00:00 0 
7f0488000000-7f0488021000 rw-p 00000000 00:00 0 
7f0488021000-7f048c000000 ---p 00000000 00:00 0 
7f048c000000-7f048c021000 rw-p 00000000 00:00 0 
7f048c021000-7f0490000000 ---p 00000000 00:00 0 
7f0490000000-7f0490136000 rw-p 00000000 00:00 0 
7f0490136000-7f0494000000 ---p 00000000 00:00 0 
7f0494000000-7f0494064000 rw-p 00000000 00:00 0 
7f0494064000-7f0498000000 ---p 00000000 00:00 0 
7f0498000000-7f0498021000 rw-p 00000000 00:00 0 
7f0498021000-7f049c000000 ---p 00000000 00:00 0 
7f049c000000-7f049c07f000 rw-p 00000000 00:00 0 
7f049c07f000-7f04a0000000 ---p 00000000 00:00 0 
7f04a0000000-7f04a02f5000 rw-p 00000000 00:00 0 
7f04a02f5000-7f04a4000000 ---p 00000000 00:00 0 
7f04a4000000-7f04a4175000 rw-p 00000000 00:00 0 
7f04a4175000-7f04a8000000 ---p 00000000 00:00 0 
7f04a8000000-7f04a8021000 rw-p 00000000 00:00 0 
7f04a8021000-7f04ac000000 ---p 00000000 00:00 0 
7f04ac000000-7f04ac025000 rw-p 00000000 00:00 0 
7f04ac025000-7f04b0000000 ---p 00000000 00:00 0 
7f04b0000000-7f04b0021000 rw-p 00000000 00:00 0 
7f04b0021000-7f04b4000000 ---p 00000000 00:00 0 
7f04b4000000-7f04b4021000 rw-p 00000000 00:00 0 
7f04b4021000-7f04b8000000 ---p 00000000 00:00 0 
7f04b8000000-7f04b88da000 rw-p 00000000 00:00 0 
7f04b88da000-7f04bc000000 ---p 00000000 00:00 0 
7f04bc000000-7f04bc021000 rw-p 00000000 00:00 0 
7f04bc021000-7f04c0000000 ---p 00000000 00:00 0 
7f04c0000000-7f04c0500000 rw-p 00000000 00:00 0 
7f04c0500000-7f04c0600000 rw-p 00000000 00:00 0 
7f04c0600000-7f04c0800000 rw-p 00000000 00:00 0 
7f04c0c00000-7f04c0cc0000 rw-p 00000000 00:00 0 
7f04c0cc0000-7f04c0d00000 rw-p 00000000 00:00 0 
7f04c0d00000-7f04c0f00000 rw-p 00000000 00:00 0 
7f04c0f00000-7f04c0fc0000 rw-p 00000000 00:00 0 
7f04c0fc0000-7f04c1100000 rw-p 00000000 00:00 0 
7f04c1100000-7f04c1200000 rw-p 00000000 00:00 0 
7f04c1200000-7f04c1380000 rw-p 00000000 00:00 0 
7f04c1380000-7f04c1400000 rw-p 00000000 00:00 0 
7f04c1800000-7f04c1900000 rw-p 00000000 00:00 0 
7f04c1900000-7f04c1a00000 rw-p 00000000 00:00 0 
7f04c1a00000-7f04c2000000 rw-p 00000000 00:00 0 
7f04c4000000-7f04c4021000 rw-p 00000000 00:00 0 
7f04c4021000-7f04c8000000 ---p 00000000 00:00 0 
7f04c9500000-7f04c9600000 ---p 00000000 00:00 0 
7f04c9600000-7f04c9baf000 r--p 01122000 00:14f0 4611686019135190040      /nix/store/gpxl5qgg8kicmcvivwmybwjlpf7wh20l-graalvm17-ce-22.3.0/lib/libjvmcicompiler.so
7f04c9baf000-7f04c9d00000 r--p 00000000 00:00 0 
7f04c9d00000-7f04c9d3d000 rw-p 00000000 00:00 0 
7f04c9d3d000-7f04ca25d000 rw-p 0185f000 00:14f0 4611686019135190040      /nix/store/gpxl5qgg8kicmcvivwmybwjlpf7wh20l-graalvm17-ce-22.3.0/lib/libjvmcicompiler.so
7f04ca25d000-7f04ca644000 r--p 01d7f000 00:14f0 4611686019135190040      /nix/store/gpxl5qgg8kicmcvivwmybwjlpf7wh20l-graalvm17-ce-22.3.0/lib/libjvmcicompiler.so
7f04ca700000-7f04ca704000 ---p 00000000 00:00 0 
7f04ca704000-7f04ca800000 rw-p 00000000 00:00 0 
7f04ca800000-7f04ca804000 ---p 00000000 00:00 0 
7f04ca804000-7f04ca900000 rw-p 00000000 00:00 0 
7f04ca900000-7f04ca904000 ---p 00000000 00:00 0 
7f04ca904000-7f04caa00000 rw-p 00000000 00:00 0 
7f04cab00000-7f04cab04000 ---p 00000000 00:00 0 
7f04cab04000-7f04cac00000 rw-p 00000000 00:00 0 
7f04cac00000-7f04cad00000 rw-p 00000000 00:00 0 
7f04cad00000-7f04cae00000 rw-p 00000000 00:00 0 
7f04cae00000-7f04cb100000 rw-p 00000000 00:00 0 
7f04cb100000-7f04cb200000 rw-p 00000000 00:00 0 
7f04cb200000-7f04cb400000 rw-p 00000000 00:00 0 
7f04cb400000-7f04cb410000 r-xp 00000000 00:14ea 353                      /home/runner/.cache/jdt-language-server/config/org.eclipse.equinox.launcher/org.eclipse.equinox.launcher.gtk.linux.x86_64_1.2.400.v20211117-0650/eclipse_11600.so
7f04cb410000-7f04cb60f000 ---p 00010000 00:14ea 353                      /home/runner/.cache/jdt-language-server/config/org.eclipse.equinox.launcher/org.eclipse.equinox.launcher.gtk.linux.x86_64_1.2.400.v20211117-0650/eclipse_11600.so
7f04cb60f000-7f04cb610000 r--p 0000f000 00:14ea 353                      /home/runner/.cache/jdt-language-server/config/org.eclipse.equinox.launcher/org.eclipse.equinox.launcher.gtk.linux.x86_64_1.2.400.v20211117-0650/eclipse_11600.so
7f04cb610000-7f04cb611000 rw-p 00010000 00:14ea 353                      /home/runner/.cache/jdt-language-server/config/org.eclipse.equinox.launcher/org.eclipse.equinox.launcher.gtk.linux.x86_64_1.2.400.v20211117-0650/eclipse_11600.so
7f04cb700000-7f04cb704000 ---p 00000000 00:00 0 
7f04cb704000-7f04cb800000 rw-p 00000000 00:00 0 
7f04cb800000-7f04cb804000 ---p 00000000 00:00 0 
7f04cb804000-7f04cb900000 rw-p 00000000 00:00 0 
7f04cb900000-7f04cb904000 ---p 00000000 00:00 0 
7f04cb904000-7f04cba00000 rw-p 00000000 00:00 0 
7f04cbb00000-7f04cbb04000 ---p 00000000 00:00 0 
7f04cbb04000-7f04cbc00000 rw-p 00000000 00:00 0 
7f04cbd00000-7f04cbd04000 ---p 00000000 00:00 0 
7f04cbd04000-7f04cbe00000 rw-p 00000000 00:00 0 
7f04cbe00000-7f04cbe04000 ---p 00000000 00:00 0 
7f04cbe04000-7f04cbf00000 rw-p 00000000 00:00 0 
7f04cbf00000-7f04cbf04000 ---p 00000000 00:00 0 
7f04cbf04000-7f04cc000000 rw-p 00000000 00:00 0 
7f04cc000000-7f04cc021000 rw-p 00000000 00:00 0 
7f04cc021000-7f04d0000000 ---p 00000000 00:00 0 
7f04d0000000-7f04d0021000 rw-p 00000000 00:00 0 
7f04d0021000-7f04d4000000 ---p 00000000 00:00 0 
7f04d4000000-7f04d4004000 ---p 00000000 00:00 0 
7f04d4004000-7f04d4100000 rw-p 00000000 00:00 0 
7f04d4100000-7f04d4104000 ---p 00000000 00:00 0 
7f04d4104000-7f04d4200000 rw-p 00000000 00:00 0 
7f04d4200000-7f04d4204000 ---p 00000000 00:00 0 
7f04d4204000-7f04d4300000 rw-p 00000000 00:00 0 
7f04d4300000-7f04d4304000 ---p 00000000 00:00 0 
7f04d4304000-7f04d4400000 rw-p 00000000 00:00 0 
7f04d4500000-7f04d4504000 ---p 00000000 00:00 0 
7f04d4504000-7f04d4600000 rw-p 00000000 00:00 0 
7f04d4600000-7f04d4604000 ---p 00000000 00:00 0 
7f04d4604000-7f04d4700000 rw-p 00000000 00:00 0 
7f04d4700000-7f04d4704000 ---p 00000000 00:00 0 
7f04d4704000-7f04d4800000 rw-p 00000000 00:00 0 
7f04d5468000-7f04d5900000 rw-p 00000000 00:00 0 
7f04d5a00000-7f04d7b6a000 r-xp 00000000 00:14f0 4611686019135190040      /nix/store/gpxl5qgg8kicmcvivwmybwjlpf7wh20l-graalvm17-ce-22.3.0/lib/libjvmcicompiler.so
7f04d7b6a000-7f04d7d69000 ---p 0216a000 00:14f0 4611686019135190040      /nix/store/gpxl5qgg8kicmcvivwmybwjlpf7wh20l-graalvm17-ce-22.3.0/lib/libjvmcicompiler.so
7f04d7d69000-7f04d7d6a000 r--p 02169000 00:14f0 4611686019135190040      /nix/store/gpxl5qgg8kicmcvivwmybwjlpf7wh20l-graalvm17-ce-22.3.0/lib/libjvmcicompiler.so
7f04d7d6a000-7f04d7d6c000 rw-p 0216a000 00:14f0 4611686019135190040      /nix/store/gpxl5qgg8kicmcvivwmybwjlpf7wh20l-graalvm17-ce-22.3.0/lib/libjvmcicompiler.so
7f04d7d6c000-7f04d7d6d000 rw-p 00000000 00:00 0 
7f04d7d6d000-7f04d7d72000 rw-p 023c3000 00:14f0 4611686019135190040      /nix/store/gpxl5qgg8kicmcvivwmybwjlpf7wh20l-graalvm17-ce-22.3.0/lib/libjvmcicompiler.so
7f04d7dfe000-7f04d7e02000 ---p 00000000 00:00 0 
7f04d7e02000-7f04d7efe000 rw-p 00000000 00:00 0 
7f04d7efe000-7f04d7eff000 ---p 00000000 00:00 0 
7f04d7eff000-7f04d8000000 rw-p 00000000 00:00 0 
7f04d8000000-7f04d8021000 rw-p 00000000 00:00 0 
7f04d8021000-7f04dc000000 ---p 00000000 00:00 0 
7f04dc000000-7f04dc021000 rw-p 00000000 00:00 0 
7f04dc021000-7f04e0000000 ---p 00000000 00:00 0 
7f04e0000000-7f04e00ed000 rw-p 00000000 00:00 0 
7f04e00ed000-7f04e4000000 ---p 00000000 00:00 0 
7f04e4000000-7f04e4a22000 rw-p 00000000 00:00 0 
7f04e4a22000-7f04e8000000 ---p 00000000 00:00 0 
7f04e8000000-7f04e8021000 rw-p 00000000 00:00 0 
7f04e8021000-7f04ec000000 ---p 00000000 00:00 0 
7f04ec000000-7f04ec021000 rw-p 00000000 00:00 0 
7f04ec021000-7f04f0000000 ---p 00000000 00:00 0 
7f04f0000000-7f04f0021000 rw-p 00000000 00:00 0 
7f04f0021000-7f04f4000000 ---p 00000000 00:00 0 
7f04f4000000-7f04f4021000 rw-p 00000000 00:00 0 
7f04f4021000-7f04f8000000 ---p 00000000 00:00 0 
7f04f8000000-7f04f8021000 rw-p 00000000 00:00 0 
7f04f8021000-7f04fc000000 ---p 00000000 00:00 0 
7f04fc000000-7f04fc021000 rw-p 00000000 00:00 0 
7f04fc021000-7f0500000000 ---p 00000000 00:00 0 
7f0500000000-7f0500108000 rw-p 00000000 00:00 0 
7f0500108000-7f0504000000 ---p 00000000 00:00 0 
7f0504018000-7f050401c000 ---p 00000000 00:00 0 
7f050401c000-7f0504118000 rw-p 00000000 00:00 0 
7f0504118000-7f050411c000 ---p 00000000 00:00 0 
7f050411c000-7f0504218000 rw-p 00000000 00:00 0 
7f0504218000-7f050421c000 ---p 00000000 00:00 0 
7f050421c000-7f0504318000 rw-p 00000000 00:00 0 
7f0504318000-7f050431c000 ---p 00000000 00:00 0 
7f050431c000-7f0504518000 rw-p 00000000 00:00 0 
7f0504518000-7f050451c000 ---p 00000000 00:00 0 
7f050451c000-7f0504718000 rw-p 00000000 00:00 0 
7f0504718000-7f050471c000 ---p 00000000 00:00 0 
7f050471c000-7f0504818000 rw-p 00000000 00:00 0 
7f0504818000-7f050481c000 ---p 00000000 00:00 0 
7f050481c000-7f0504918000 rw-p 00000000 00:00 0 
7f0504918000-7f050491c000 ---p 00000000 00:00 0 
7f050491c000-7f0504a18000 rw-p 00000000 00:00 0 
7f0504a18000-7f0504cfe000 r--p 00000000 00:14cc 28444448                 /usr/lib/locale/locale-archive
7f0504cfe000-7f0504d02000 ---p 00000000 00:00 0 
7f0504d02000-7f0504dfe000 rw-p 00000000 00:00 0 
7f0504dfe000-7f0504e02000 ---p 00000000 00:00 0 
7f0504e02000-7f0504efe000 rw-p 00000000 00:00 0 
7f0504efe000-7f0504eff000 ---p 00000000 00:00 0 
7f0504eff000-7f0505400000 rw-p 00000000 00:00 0 
7f0505400000-7f0505700000 rw-p 00000000 00:00 0 
7f0505700000-7f0505800000 rw-p 00000000 00:00 0 
7f050585b000-7f050585d000 r-xp 00000000 00:14f0 4611686019135190017      /nix/store/gpxl5qgg8kicmcvivwmybwjlpf7wh20l-graalvm17-ce-22.3.0/lib/libextnet.so
7f050585d000-7f050585e000 r--p 00001000 00:14f0 4611686019135190017      /nix/store/gpxl5qgg8kicmcvivwmybwjlpf7wh20l-graalvm17-ce-22.3.0/lib/libextnet.so
7f050585e000-7f050585f000 rw-p 00002000 00:14f0 4611686019135190017      /nix/store/gpxl5qgg8kicmcvivwmybwjlpf7wh20l-graalvm17-ce-22.3.0/lib/libextnet.so
7f050585f000-7f0505860000 rw-p 00004000 00:14f0 4611686019135190017      /nix/store/gpxl5qgg8kicmcvivwmybwjlpf7wh20l-graalvm17-ce-22.3.0/lib/libextnet.so
7f0505860000-7f0505864000 ---p 00000000 00:00 0 
7f0505864000-7f0505882000 rw-p 00000000 00:00 0 
7f0505882000-7f0505889000 r-xp 00000000 00:14f0 4611686019135192580      /nix/store/gpxl5qgg8kicmcvivwmybwjlpf7wh20l-graalvm17-ce-22.3.0/lib/libzip.so
7f0505889000-7f050588a000 ---p 00007000 00:14f0 4611686019135192580      /nix/store/gpxl5qgg8kicmcvivwmybwjlpf7wh20l-graalvm17-ce-22.3.0/lib/libzip.so
7f050588a000-7f050588b000 r--p 00007000 00:14f0 4611686019135192580      /nix/store/gpxl5qgg8kicmcvivwmybwjlpf7wh20l-graalvm17-ce-22.3.0/lib/libzip.so
7f050588b000-7f050588c000 rw-p 00008000 00:14f0 4611686019135192580      /nix/store/gpxl5qgg8kicmcvivwmybwjlpf7wh20l-graalvm17-ce-22.3.0/lib/libzip.so
7f050588c000-7f050588e000 rw-p 0000b000 00:14f0 4611686019135192580      /nix/store/gpxl5qgg8kicmcvivwmybwjlpf7wh20l-graalvm17-ce-22.3.0/lib/libzip.so
7f050588e000-7f05058a3000 r-xp 00000000 00:14f0 4611686019135192570      /nix/store/gpxl5qgg8kicmcvivwmybwjlpf7wh20l-graalvm17-ce-22.3.0/lib/libnet.so
7f05058a3000-7f05058a4000 ---p 00015000 00:14f0 4611686019135192570      /nix/store/gpxl5qgg8kicmcvivwmybwjlpf7wh20l-graalvm17-ce-22.3.0/lib/libnet.so
7f05058a4000-7f05058a5000 r--p 00015000 00:14f0 4611686019135192570      /nix/store/gpxl5qgg8kicmcvivwmybwjlpf7wh20l-graalvm17-ce-22.3.0/lib/libnet.so
7f05058a5000-7f05058a6000 rw-p 00016000 00:14f0 4611686019135192570      /nix/store/gpxl5qgg8kicmcvivwmybwjlpf7wh20l-graalvm17-ce-22.3.0/lib/libnet.so
7f05058a6000-7f05058a9000 rw-p 0001b000 00:14f0 4611686019135192570      /nix/store/gpxl5qgg8kicmcvivwmybwjlpf7wh20l-graalvm17-ce-22.3.0/lib/libnet.so
7f05058a9000-7f05058bc000 r-xp 00000000 00:14f0 4611686019135192571      /nix/store/gpxl5qgg8kicmcvivwmybwjlpf7wh20l-graalvm17-ce-22.3.0/lib/libnio.so
7f05058bc000-7f05058bd000 r--p 00012000 00:14f0 4611686019135192571      /nix/store/gpxl5qgg8kicmcvivwmybwjlpf7wh20l-graalvm17-ce-22.3.0/lib/libnio.so
7f05058bd000-7f05058be000 rw-p 00013000 00:14f0 4611686019135192571      /nix/store/gpxl5qgg8kicmcvivwmybwjlpf7wh20l-graalvm17-ce-22.3.0/lib/libnio.so
7f05058be000-7f05058c3000 rw-p 00019000 00:14f0 4611686019135192571      /nix/store/gpxl5qgg8kicmcvivwmybwjlpf7wh20l-graalvm17-ce-22.3.0/lib/libnio.so
7f05058c3000-7f0505991000 r-xp 00000000 00:14f0 4611686019135190036      /nix/store/gpxl5qgg8kicmcvivwmybwjlpf7wh20l-graalvm17-ce-22.3.0/lib/libjsvml.so
7f0505991000-7f0505992000 r--p 000cd000 00:14f0 4611686019135190036      /nix/store/gpxl5qgg8kicmcvivwmybwjlpf7wh20l-graalvm17-ce-22.3.0/lib/libjsvml.so
7f0505992000-7f0505993000 rw-p 000ce000 00:14f0 4611686019135190036      /nix/store/gpxl5qgg8kicmcvivwmybwjlpf7wh20l-graalvm17-ce-22.3.0/lib/libjsvml.so
7f0505993000-7f05071c5000 rw-p 00000000 00:00 0 
7f05071c5000-7f05071c6000 ---p 00000000 00:00 0 
7f05071c6000-7f0507371000 rw-p 00000000 00:00 0 
7f0507371000-7f0507395000 rw-p 00000000 00:00 0 
7f0507395000-7f05073c7000 ---p 00000000 00:00 0 
7f05073c7000-7f05073cd000 rw-p 00000000 00:00 0 
7f05073cd000-7f05074b3000 ---p 00000000 00:00 0 
7f05074b3000-7f0507723000 rwxp 00000000 00:00 0 
7f0507723000-7f0507a42000 ---p 00000000 00:00 0 
7f0507a42000-7f0508a22000 rwxp 00000000 00:00 0 
7f0508a22000-7f050ef7a000 ---p 00000000 00:00 0 
7f050ef7a000-7f050f1fa000 rwxp 00000000 00:00 0 
7f050f1fa000-7f05164b3000 ---p 00000000 00:00 0 
7f05164b3000-7f0520000000 r--s 00000000 00:14f0 4611686019135192581      /nix/store/gpxl5qgg8kicmcvivwmybwjlpf7wh20l-graalvm17-ce-22.3.0/lib/modules
7f0520000000-7f0520614000 rw-p 00000000 00:00 0 
7f0520614000-7f0524000000 ---p 00000000 00:00 0 
7f0524004000-7f05240ca000 rw-p 00000000 00:00 0 
7f05240ca000-7f0524195000 ---p 00000000 00:00 0 
7f0524195000-7f052419a000 rw-p 00000000 00:00 0 
7f052419a000-7f05241a1000 ---p 00000000 00:00 0 
7f05241a1000-7f05241c5000 r-xp 00000000 00:14f0 4611686019135190028      /nix/store/gpxl5qgg8kicmcvivwmybwjlpf7wh20l-graalvm17-ce-22.3.0/lib/libjava.so
7f05241c5000-7f05241c6000 ---p 00024000 00:14f0 4611686019135190028      /nix/store/gpxl5qgg8kicmcvivwmybwjlpf7wh20l-graalvm17-ce-22.3.0/lib/libjava.so
7f05241c6000-7f05241c7000 r--p 00024000 00:14f0 4611686019135190028      /nix/store/gpxl5qgg8kicmcvivwmybwjlpf7wh20l-graalvm17-ce-22.3.0/lib/libjava.so
7f05241c7000-7f05241c8000 rw-p 00025000 00:14f0 4611686019135190028      /nix/store/gpxl5qgg8kicmcvivwmybwjlpf7wh20l-graalvm17-ce-22.3.0/lib/libjava.so
7f05241c8000-7f05241c9000 rw-p 00000000 00:00 0 
7f05241c9000-7f05241d0000 rw-p 0002f000 00:14f0 4611686019135190028      /nix/store/gpxl5qgg8kicmcvivwmybwjlpf7wh20l-graalvm17-ce-22.3.0/lib/libjava.so
7f05241d0000-7f05241d8000 rw-s 00000000 00:8b5 350                       /tmp/hsperfdata_runner/24
7f05241d8000-7f05241d9000 ---p 00000000 00:00 0 
7f05241d9000-7f05241da000 r--p 00000000 00:00 0 
7f05241da000-7f05241db000 rwxp 00000000 00:00 0 
7f05241db000-7f05241f6000 r-xp 00000000 00:14f0 4611686019135190032      /nix/store/gpxl5qgg8kicmcvivwmybwjlpf7wh20l-graalvm17-ce-22.3.0/lib/libjimage.so
7f05241f6000-7f05241f7000 ---p 0001b000 00:14f0 4611686019135190032      /nix/store/gpxl5qgg8kicmcvivwmybwjlpf7wh20l-graalvm17-ce-22.3.0/lib/libjimage.so
7f05241f7000-7f05241f9000 r--p 0001b000 00:14f0 4611686019135190032      /nix/store/gpxl5qgg8kicmcvivwmybwjlpf7wh20l-graalvm17-ce-22.3.0/lib/libjimage.so
7f05241f9000-7f05241fa000 rw-p 0001d000 00:14f0 4611686019135190032      /nix/store/gpxl5qgg8kicmcvivwmybwjlpf7wh20l-graalvm17-ce-22.3.0/lib/libjimage.so
7f05241fa000-7f05241fb000 rw-p 00024000 00:14f0 4611686019135190032      /nix/store/gpxl5qgg8kicmcvivwmybwjlpf7wh20l-graalvm17-ce-22.3.0/lib/libjimage.so
7f05241fb000-7f05241ff000 ---p 00000000 00:00 0 
7f05241ff000-7f05242fb000 rw-p 00000000 00:00 0 
7f05242fb000-7f0524309000 r--p 00000000 00:14f0 4611686019027979927      /nix/store/4nlgxhb09sdr51nc9hdm8az5b08vzkgx-glibc-2.35-163/lib/libm.so.6
7f0524309000-7f052437c000 r-xp 0000e000 00:14f0 4611686019027979927      /nix/store/4nlgxhb09sdr51nc9hdm8az5b08vzkgx-glibc-2.35-163/lib/libm.so.6
7f052437c000-7f05243d9000 r--p 00081000 00:14f0 4611686019027979927      /nix/store/4nlgxhb09sdr51nc9hdm8az5b08vzkgx-glibc-2.35-163/lib/libm.so.6
7f05243d9000-7f05243da000 r--p 000dd000 00:14f0 4611686019027979927      /nix/store/4nlgxhb09sdr51nc9hdm8az5b08vzkgx-glibc-2.35-163/lib/libm.so.6
7f05243da000-7f05243db000 rw-p 000de000 00:14f0 4611686019027979927      /nix/store/4nlgxhb09sdr51nc9hdm8az5b08vzkgx-glibc-2.35-163/lib/libm.so.6
7f05243db000-7f05243dc000 r--p 00000000 00:14f0 4611686019027979946      /nix/store/4nlgxhb09sdr51nc9hdm8az5b08vzkgx-glibc-2.35-163/lib/librt.so.1
7f05243dc000-7f05243dd000 r-xp 00001000 00:14f0 4611686019027979946      /nix/store/4nlgxhb09sdr51nc9hdm8az5b08vzkgx-glibc-2.35-163/lib/librt.so.1
7f05243dd000-7f05243de000 r--p 00002000 00:14f0 4611686019027979946      /nix/store/4nlgxhb09sdr51nc9hdm8az5b08vzkgx-glibc-2.35-163/lib/librt.so.1
7f05243de000-7f05243df000 r--p 00002000 00:14f0 4611686019027979946      /nix/store/4nlgxhb09sdr51nc9hdm8az5b08vzkgx-glibc-2.35-163/lib/librt.so.1
7f05243df000-7f05243e0000 rw-p 00003000 00:14f0 4611686019027979946      /nix/store/4nlgxhb09sdr51nc9hdm8az5b08vzkgx-glibc-2.35-163/lib/librt.so.1
7f05243e0000-7f05254f3000 r-xp 00000000 00:14f0 4611686019135360866      /nix/store/gpxl5qgg8kicmcvivwmybwjlpf7wh20l-graalvm17-ce-22.3.0/lib/server/libjvm.so
7f05254f3000-7f05254f4000 ---p 01113000 00:14f0 4611686019135360866      /nix/store/gpxl5qgg8kicmcvivwmybwjlpf7wh20l-graalvm17-ce-22.3.0/lib/server/libjvm.so
7f05254f4000-7f05255a9000 r--p 01113000 00:14f0 4611686019135360866      /nix/store/gpxl5qgg8kicmcvivwmybwjlpf7wh20l-graalvm17-ce-22.3.0/lib/server/libjvm.so
7f05255a9000-7f05255dd000 rw-p 011c8000 00:14f0 4611686019135360866      /nix/store/gpxl5qgg8kicmcvivwmybwjlpf7wh20l-graalvm17-ce-22.3.0/lib/server/libjvm.so
7f05255dd000-7f0525639000 rw-p 00000000 00:00 0 
7f0525639000-7f0525661000 r--p 00000000 00:14f0 4611686019027979918      /nix/store/4nlgxhb09sdr51nc9hdm8az5b08vzkgx-glibc-2.35-163/lib/libc.so.6
7f0525661000-7f05257d7000 r-xp 00028000 00:14f0 4611686019027979918      /nix/store/4nlgxhb09sdr51nc9hdm8az5b08vzkgx-glibc-2.35-163/lib/libc.so.6
7f05257d7000-7f052582f000 r--p 0019e000 00:14f0 4611686019027979918      /nix/store/4nlgxhb09sdr51nc9hdm8az5b08vzkgx-glibc-2.35-163/lib/libc.so.6
7f052582f000-7f0525833000 r--p 001f6000 00:14f0 4611686019027979918      /nix/store/4nlgxhb09sdr51nc9hdm8az5b08vzkgx-glibc-2.35-163/lib/libc.so.6
7f0525833000-7f0525835000 rw-p 001fa000 00:14f0 4611686019027979918      /nix/store/4nlgxhb09sdr51nc9hdm8az5b08vzkgx-glibc-2.35-163/lib/libc.so.6
7f0525835000-7f0525844000 rw-p 00000000 00:00 0 
7f0525844000-7f0525845000 r--p 00000000 00:14f0 4611686019027979923      /nix/store/4nlgxhb09sdr51nc9hdm8az5b08vzkgx-glibc-2.35-163/lib/libdl.so.2
7f0525845000-7f0525846000 r-xp 00001000 00:14f0 4611686019027979923      /nix/store/4nlgxhb09sdr51nc9hdm8az5b08vzkgx-glibc-2.35-163/lib/libdl.so.2
7f0525846000-7f0525847000 r--p 00002000 00:14f0 4611686019027979923      /nix/store/4nlgxhb09sdr51nc9hdm8az5b08vzkgx-glibc-2.35-163/lib/libdl.so.2
7f0525847000-7f0525848000 r--p 00002000 00:14f0 4611686019027979923      /nix/store/4nlgxhb09sdr51nc9hdm8az5b08vzkgx-glibc-2.35-163/lib/libdl.so.2
7f0525848000-7f0525849000 rw-p 00003000 00:14f0 4611686019027979923      /nix/store/4nlgxhb09sdr51nc9hdm8az5b08vzkgx-glibc-2.35-163/lib/libdl.so.2
7f0525849000-7f052584a000 r--p 00000000 00:14f0 4611686019027979942      /nix/store/4nlgxhb09sdr51nc9hdm8az5b08vzkgx-glibc-2.35-163/lib/libpthread.so.0
7f052584a000-7f052584b000 r-xp 00001000 00:14f0 4611686019027979942      /nix/store/4nlgxhb09sdr51nc9hdm8az5b08vzkgx-glibc-2.35-163/lib/libpthread.so.0
7f052584b000-7f052584c000 r--p 00002000 00:14f0 4611686019027979942      /nix/store/4nlgxhb09sdr51nc9hdm8az5b08vzkgx-glibc-2.35-163/lib/libpthread.so.0
7f052584c000-7f052584d000 r--p 00002000 00:14f0 4611686019027979942      /nix/store/4nlgxhb09sdr51nc9hdm8az5b08vzkgx-glibc-2.35-163/lib/libpthread.so.0
7f052584d000-7f052584e000 rw-p 00003000 00:14f0 4611686019027979942      /nix/store/4nlgxhb09sdr51nc9hdm8az5b08vzkgx-glibc-2.35-163/lib/libpthread.so.0
7f052584e000-7f052585c000 r-xp 00000000 00:14f0 4611686019135190033      /nix/store/gpxl5qgg8kicmcvivwmybwjlpf7wh20l-graalvm17-ce-22.3.0/lib/libjli.so
7f052585c000-7f052585d000 ---p 0000e000 00:14f0 4611686019135190033      /nix/store/gpxl5qgg8kicmcvivwmybwjlpf7wh20l-graalvm17-ce-22.3.0/lib/libjli.so
7f052585d000-7f052585e000 r--p 0000e000 00:14f0 4611686019135190033      /nix/store/gpxl5qgg8kicmcvivwmybwjlpf7wh20l-graalvm17-ce-22.3.0/lib/libjli.so
7f052585e000-7f052585f000 rw-p 0000f000 00:14f0 4611686019135190033      /nix/store/gpxl5qgg8kicmcvivwmybwjlpf7wh20l-graalvm17-ce-22.3.0/lib/libjli.so
7f052585f000-7f0525860000 rw-p 00012000 00:14f0 4611686019135190033      /nix/store/gpxl5qgg8kicmcvivwmybwjlpf7wh20l-graalvm17-ce-22.3.0/lib/libjli.so
7f0525860000-7f0525863000 r--p 00000000 00:14f0 4611686019106210071      /nix/store/026hln0aq1hyshaxsdvhg0kmcm6yf45r-zlib-1.2.13/lib/libz.so.1.2.13
7f0525863000-7f0525875000 r-xp 00003000 00:14f0 4611686019106210071      /nix/store/026hln0aq1hyshaxsdvhg0kmcm6yf45r-zlib-1.2.13/lib/libz.so.1.2.13
7f0525875000-7f052587c000 r--p 00015000 00:14f0 4611686019106210071      /nix/store/026hln0aq1hyshaxsdvhg0kmcm6yf45r-zlib-1.2.13/lib/libz.so.1.2.13
7f052587c000-7f052587d000 r--p 0001b000 00:14f0 4611686019106210071      /nix/store/026hln0aq1hyshaxsdvhg0kmcm6yf45r-zlib-1.2.13/lib/libz.so.1.2.13
7f052587d000-7f052587e000 rw-p 0001c000 00:14f0 4611686019106210071      /nix/store/026hln0aq1hyshaxsdvhg0kmcm6yf45r-zlib-1.2.13/lib/libz.so.1.2.13
7f052587e000-7f0525880000 rw-p 00000000 00:00 0 
7f0525880000-7f0525882000 r--p 00000000 00:14f0 4611686019027979912      /nix/store/4nlgxhb09sdr51nc9hdm8az5b08vzkgx-glibc-2.35-163/lib/ld-linux-x86-64.so.2
7f0525882000-7f05258a9000 r-xp 00002000 00:14f0 4611686019027979912      /nix/store/4nlgxhb09sdr51nc9hdm8az5b08vzkgx-glibc-2.35-163/lib/ld-linux-x86-64.so.2
7f05258a9000-7f05258b5000 r--p 00029000 00:14f0 4611686019027979912      /nix/store/4nlgxhb09sdr51nc9hdm8az5b08vzkgx-glibc-2.35-163/lib/ld-linux-x86-64.so.2
7f05258b5000-7f05258b7000 r--p 00034000 00:14f0 4611686019027979912      /nix/store/4nlgxhb09sdr51nc9hdm8az5b08vzkgx-glibc-2.35-163/lib/ld-linux-x86-64.so.2
7f05258b7000-7f05258b9000 rw-p 00036000 00:14f0 4611686019027979912      /nix/store/4nlgxhb09sdr51nc9hdm8az5b08vzkgx-glibc-2.35-163/lib/ld-linux-x86-64.so.2
7ffda9186000-7ffda91aa000 rw-p 00000000 00:00 0                          [stack]
7ffda91d1000-7ffda91d5000 r--p 00000000 00:00 0                          [vvar]
7ffda91d5000-7ffda91d7000 r-xp 00000000 00:00 0                          [vdso]
ffffffffff600000-ffffffffff601000 --xp 00000000 00:00 0                  [vsyscall]


VM Arguments:
jvm_args: -XX:ThreadPriorityPolicy=1 -XX:+UnlockExperimentalVMOptions -XX:+EnableJVMCIProduct -XX:JVMCIThreadsPerNativeLibraryRuntime=1 -XX:-UnlockExperimentalVMOptions -Declipse.application=org.eclipse.jdt.ls.core.id1 -Dosgi.bundles.defaultStartLevel=4 -Declipse.product=org.eclipse.jdt.ls.core.product -Dlog.level=ALL -Xverify:none -XX:+UseParallelGC -XX:GCTimeRatio=4 -XX:AdaptiveSizePolicyWeight=90 -Dsun.zip.disableMemoryMapping=true -Xmx512m -Xms100m 
java_command: /nix/store/m6gcpi1ii6rghy04cjwjddcavv7i90df-jdt-language-server-1.9.0/share/java/plugins/org.eclipse.equinox.launcher_1.6.400.v20210924-0641.jar --add-modules=ALL-SYSTEM --add-opens java.base/java.util=ALL-UNNAMED --add-opens java.base/java.lang=ALL-UNNAMED -configuration /home/runner/.cache/jdt-language-server/config -data /home/runner/.cache/jdt-language-server/data/home/runner/Hospital
java_class_path (initial): /nix/store/m6gcpi1ii6rghy04cjwjddcavv7i90df-jdt-language-server-1.9.0/share/java/plugins/org.eclipse.equinox.launcher_1.6.400.v20210924-0641.jar
Launcher Type: SUN_STANDARD

[Global flags]
    uintx AdaptiveSizePolicyWeight                 = 90                                        {product} {command line}
     intx CICompilerCount                          = 2                                         {product} {ergonomic}
     bool EnableJVMCIProduct                       = true                                {JVMCI product} {jimage}
    uintx GCTimeRatio                              = 4                                         {product} {command line}
   size_t InitialHeapSize                          = 104857600                                 {product} {command line}
     uint JVMCIThreadsPerNativeLibraryRuntime      = 1                                   {JVMCI product} {jimage}
   size_t MaxHeapSize                              = 536870912                                 {product} {command line}
   size_t MaxNewSize                               = 178782208                                 {product} {ergonomic}
   size_t MinHeapDeltaBytes                        = 524288                                    {product} {ergonomic}
   size_t MinHeapSize                              = 104857600                                 {product} {command line}
   size_t NewSize                                  = 34603008                                  {product} {ergonomic}
    uintx NonNMethodCodeHeapSize                   = 5826188                                {pd product} {ergonomic}
    uintx NonProfiledCodeHeapSize                  = 122916026                              {pd product} {ergonomic}
   size_t OldSize                                  = 70254592                                  {product} {ergonomic}
    uintx ProfiledCodeHeapSize                     = 122916026                              {pd product} {ergonomic}
    uintx ReservedCodeCacheSize                    = 251658240                              {pd product} {ergonomic}
     bool SegmentedCodeCache                       = true                                      {product} {ergonomic}
   size_t SoftMaxHeapSize                          = 536870912                              {manageable} {ergonomic}
     intx ThreadPriorityPolicy                     = 1                                         {product} {jimage}
     bool UseCompressedClassPointers               = true                           {product lp64_product} {ergonomic}
     bool UseCompressedOops                        = true                           {product lp64_product} {ergonomic}
     bool UseParallelGC                            = true                                      {product} {command line}

Logging:
Log output configuration:
 #0: stdout all=warning uptime,level,tags
 #1: stderr all=off uptime,level,tags

Environment Variables:
JAVA_HOME=/nix/store/gpxl5qgg8kicmcvivwmybwjlpf7wh20l-graalvm17-ce-22.3.0
PATH=/nix/store/1d6ian3r8kdzspw8hacjhl3xkp40g1lj-binutils-wrapper-2.39/bin:/nix/store/dq0xwmsk1g0i2ayg6pb7y87na2knzylh-gcc-wrapper-11.3.0/bin:/nix/store/bap4d0lpcrhpwmpb8ayjcgkmvfj62lnq-bash-interactive-5.1-p16/bin:/nix/store/pr5n59mb4jzmfx6kanwxly0l07p861fg-patchelf-0.15.0/bin:/nix/store/1gf2flfqnpqbr1b4p4qz2f72y42bs56r-gcc-11.3.0/bin:/nix/store/57xv61c5zi8pphjbcwxxjlgc34p61ic9-glibc-2.35-163-bin/bin:/nix/store/a7gvj343m05j2s32xcnwr35v31ynlypr-coreutils-9.1/bin:/nix/store/039g378vc3pc3dvi9dzdlrd0i4q93qwf-binutils-2.39/bin:/nix/store/gpxl5qgg8kicmcvivwmybwjlpf7wh20l-graalvm17-ce-22.3.0/bin:/nix/store/6z9ag3ihc8mq2hzsw48lhbznvzny65nz-apache-maven-3.8.6/bin:/nix/store/m6gcpi1ii6rghy04cjwjddcavv7i90df-jdt-language-server-1.9.0/bin:/nix/store/84xs5alhs01zrbr4ywm05kxbjbp5590l-java-debug/bin:/nix/store/mydc6f4k2z73xlcz7ilif3v2lcaiqvza-findutils-4.9.0/bin:/nix/store/j9p3g8472iijd50vhdprx0nmk2fqn5gv-diffutils-3.8/bin:/nix/store/89zs7rms6x00xfq4dq6m7mjnhkr8a6r4-gnused-4.8/bin:/nix/store/86bp03jkmsl6f92w0yzg4s59g5mhxwmy-gnugrep-3.7/bin:/nix/store/hwcdqw4jrjnd37wxqgsd47hd0j8bnj09-gawk-5.1.1/bin:/nix/store/cfbhw8r8ags41vwqaz47r583d0p4h4a1-gnutar-1.34/bin:/nix/store/p3m1ndl1lapwrlh698bnb5lvvxh67378-gzip-1.12/bin:/nix/store/a8mhcagrsly7c7mpjrpsnaahk4aax056-bzip2-1.0.8-bin/bin:/nix/store/mblgz65m3zv9x548a3d5m96fj2pbwr09-gnumake-4.3/bin:/nix/store/dsd5gz46hdbdk2rfdimqddhq6m8m8fqs-bash-5.1-p16/bin:/nix/store/v7ljksji50mg3w61dykaa3n3y79n6nil-patch-2.7.6/bin:/nix/store/zlcnmqq14jz5x9439jf937mvayyl63da-xz-5.2.7-bin/bin:/nix/store/y6aj732zm9m87c82fpvf103a1xb22blp-file-5.43/bin:/nix/store/sgqd0ajghcv2axfl1lad0b1alyavp0dc-prybar-elisp-0.0.0-67f7a00/bin:/nix/store/p3hsvljpgs68jqwar41lc0jqhjj734lf-prybar-lua-0.0.0-67f7a00/bin:/nix/store/qzxs2gybds3s9kb1vkaflpgm2nwr85fh-prybar-python3-0.0.0-67f7a00/bin:/nix/store/km94z9mxp8w4m8gxxp5mbfpdf3nkfvd8-prybar-sqlite-0.0.0-67f7a00/bin:/nix/store/2pnc7b76asw0z59c4l6h6qy8arwqrii1-prybar-tcl-0.0.0-67f7a00/bin:/nix/store/hpbvrlwd5viqmvcaisb3x0118i913a9n-st
LD_LIBRARY_PATH=/nix/store/a4pff549sk2idnkpzk5nsfps3mdkdnvm-cups-2.4.2-lib/lib:/nix/store/72mqxxhh3cy5yifh92wh2yb8cl2hikyy-cairo-1.16.0/lib:/nix/store/2k366jrbsra97gjfxwvrhvixjfxdach5-glib-2.74.1/lib:/nix/store/2j2znigd8ak37rlwh9khz0ry3clqlw1l-gtk+3-3.24.34/lib:/nix/store/hisqvx32cd57apbpcsnkpx6k3549wql1-libglvnd-1.4.0/lib:/nix/store/p36pgcv991mq5srvg765b78yqpxvk3qs-mesa-21.3.3-drivers/lib:/nix/store/mav4251if1ahjq5vkpwycyyvnmy459c4-pulseaudio-14.2/lib
DISPLAY=:0
LANG=en_US.UTF-8

Signal Handlers:
   SIGSEGV: crash_handler in libjvm.so, mask=11100100010111111101111111111110, flags=SA_RESTART|SA_SIGINFO
    SIGBUS: crash_handler in libjvm.so, mask=11100100010111111101111111111110, flags=SA_RESTART|SA_SIGINFO
    SIGFPE: crash_handler in libjvm.so, mask=11100100010111111101111111111110, flags=SA_RESTART|SA_SIGINFO
   SIGPIPE: IsolateEnterStub_IgnoreSIGPIPEStartupHook_noopSignalHandler_8f19bff2f35b5f630d83b364d6b2339320d4ec70_216e8361c6bc87a8f89f58cc10d3b2fd4415bf87 in libjvmcicompiler.so, mask=00000000000000000000000000000000, flags=SA_RESTART
  *** Handler was modified!
  *** Expected: javaSignalHandler in libjvm.so, mask=11100100110111111111111111111110, flags=SA_RESTART|SA_SIGINFO
   SIGXFSZ: javaSignalHandler in libjvm.so, mask=11100100010111111101111111111110, flags=SA_RESTART|SA_SIGINFO
    SIGILL: crash_handler in libjvm.so, mask=11100100010111111101111111111110, flags=SA_RESTART|SA_SIGINFO
   SIGUSR2: SR_handler in libjvm.so, mask=00000000000000000000000000000000, flags=SA_RESTART|SA_SIGINFO
    SIGHUP: UserHandler in libjvm.so, mask=11100100010111111101111111111110, flags=SA_RESTART|SA_SIGINFO
    SIGINT: UserHandler in libjvm.so, mask=11100100010111111101111111111110, flags=SA_RESTART|SA_SIGINFO
   SIGTERM: UserHandler in libjvm.so, mask=11100100010111111101111111111110, flags=SA_RESTART|SA_SIGINFO
   SIGQUIT: UserHandler in libjvm.so, mask=11100100010111111101111111111110, flags=SA_RESTART|SA_SIGINFO
  *** Handler was modified!
  *** Expected: javaSignalHandler in libjvm.so, mask=11100100110111111111111111111110, flags=SA_RESTART|SA_SIGINFO
   SIGTRAP: crash_handler in libjvm.so, mask=11100100010111111101111111111110, flags=SA_RESTART|SA_SIGINFO


---------------  S Y S T E M  ---------------

OS:
DISTRIB_ID=Ubuntu
DISTRIB_RELEASE=20.04
DISTRIB_CODENAME=focal
DISTRIB_DESCRIPTION="Ubuntu 20.04.2 LTS"
uname: Linux 5.15.0-1029-gcp #36~20.04.1-Ubuntu SMP Tue Jan 24 16:54:15 UTC 2023 x86_64
OS uptime: 0 days 8:06 hours
libc: glibc 2.35 NPTL 2.35 
rlimit (soft/hard): STACK 8192k/infinity , CORE infinity/infinity , NPROC infinity/infinity , NOFILE 5242/5242 , AS infinity/infinity , CPU infinity/infinity , DATA infinity/infinity , FSIZE infinity/infinity , MEMLOCK 64k/64k
load average: 11.25 12.93 14.22

/proc/meminfo:
MemTotal:       65852724 kB
MemFree:        30406572 kB
MemAvailable:   47461192 kB
Buffers:         2279720 kB
Cached:         13600180 kB
SwapCached:            0 kB
Active:          8161980 kB
Inactive:       22672980 kB
Active(anon):      13264 kB
Inactive(anon): 14738504 kB
Active(file):    8148716 kB
Inactive(file):  7934476 kB
Unevictable:       42772 kB
Mlocked:           42772 kB
SwapTotal:             0 kB
SwapFree:              0 kB
Dirty:              2380 kB
Writeback:             0 kB
AnonPages:      13894024 kB
Mapped:          2093104 kB
Shmem:             60900 kB
KReclaimable:    1698028 kB
Slab:            3650616 kB
SReclaimable:    1698028 kB
SUnreclaim:      1952588 kB
KernelStack:      389392 kB
PageTables:       138828 kB
NFS_Unstable:          0 kB
Bounce:                0 kB
WritebackTmp:          0 kB
CommitLimit:    32926360 kB
Committed_AS:   61376824 kB
VmallocTotal:   34359738367 kB
VmallocUsed:      435340 kB
VmallocChunk:          0 kB
Percpu:            96704 kB
HardwareCorrupted:     0 kB
AnonHugePages:   1464320 kB
ShmemHugePages:        0 kB
ShmemPmdMapped:        0 kB
FileHugePages:         0 kB
FilePmdMapped:         0 kB
HugePages_Total:       0
HugePages_Free:        0
HugePages_Rsvd:        0
HugePages_Surp:        0
Hugepagesize:       2048 kB
Hugetlb:               0 kB
DirectMap4k:     4518720 kB
DirectMap2M:    41615360 kB
DirectMap1G:    23068672 kB

/sys/kernel/mm/transparent_hugepage/enabled: always [madvise] never
/sys/kernel/mm/transparent_hugepage/defrag (defrag/compaction efforts parameter): always defer defer+madvise [madvise] never

Process Memory:
Virtual Size: 4523096K (peak: 4612924K)
Resident Set Size: 744852K (peak: 782736K) (anon: 550728K, file: 194124K, shmem: 0K)
Swapped out: 0K
C-Heap outstanding allocations: 41077K, retained: 13386K
glibc malloc tunables: (default)

/proc/sys/kernel/threads-max (system-wide limit on the number of threads): 514406
/proc/sys/vm/max_map_count (maximum number of memory map areas a process may have): 65530
/proc/sys/kernel/pid_max (system-wide limit on number of process identifiers): 4194304

container (cgroup) information:
container_type: cgroupv1
cpu_cpuset_cpus: 2-7
cpu_memory_nodes: 0
active_processor_count: 1
cpu_quota: 50000
cpu_period: 100000
cpu_shares: 512
memory_limit_in_bytes: 1048576 k
memory_and_swap_limit_in_bytes: 1048576 k
memory_soft_limit_in_bytes: 524288 k
memory_usage_in_bytes: 593056 k
memory_max_usage_in_bytes: 625508 k
maximum number of tasks: 1000
current number of tasks: 48

KVM virtualization detected
Steal ticks since vm start: 0
Steal ticks percentage since vm start:  0.000

CPU: total 8 (initial active 1) (8 cores per cpu, 2 threads per core) family 23 model 49 stepping 0 microcode 0xffffffff, cx8, cmov, fxsr, ht, mmx, 3dnowpref, sse, sse2, sse3, ssse3, sse4a, sse4.1, sse4.2, popcnt, lzcnt, tsc, tscinvbit, avx, avx2, aes, clmul, bmi1, bmi2, adx, sha, fma, vzeroupper, clflush, clflushopt, hv
CPU Model and flags from /proc/cpuinfo:
model name	: AMD EPYC 7B12
flags		: fpu vme de pse tsc msr pae mce cx8 apic sep mtrr pge mca cmov pat pse36 clflush mmx fxsr sse sse2 ht syscall nx mmxext fxsr_opt pdpe1gb rdtscp lm constant_tsc rep_good nopl nonstop_tsc cpuid extd_apicid tsc_known_freq pni pclmulqdq ssse3 fma cx16 sse4_1 sse4_2 movbe popcnt aes xsave avx f16c rdrand hypervisor lahf_lm cmp_legacy cr8_legacy abm sse4a misalignsse 3dnowprefetch osvw topoext ssbd ibrs ibpb stibp vmmcall fsgsbase tsc_adjust bmi1 avx2 smep bmi2 rdseed adx smap clflushopt clwb sha_ni xsaveopt xsavec xgetbv1 clzero xsaveerptr arat npt nrip_save umip rdpid

Online cpus: 0-7
Offline cpus: 
BIOS frequency limitation: <Not Available>
Frequency switch latency (ns): <Not Available>
Available cpu frequencies: <Not Available>
Current governor: <Not Available>
Core performance/turbo boost: <Not Available>

Memory: 4k page, physical 1048576k(455516k free), swap 0k(0k free)
Page Sizes: 4k

vm_info: OpenJDK 64-Bit Server VM (17.0.5+8-jvmci-22.3-b08) for linux-amd64 JRE (17.0.5+8-jvmci-22.3-b08), built on Oct 19 2022 09:01:27 by "buildslave" with gcc 10.3.0

END.
